[0.455s] DEBUG:colcon:Command line arguments: ['/usr/bin/colcon', 'build']
[0.455s] DEBUG:colcon:Parsed command line arguments: Namespace(log_base=None, log_level=None, verb_name='build', build_base='build', install_base='install', merge_install=False, symlink_install=False, test_result_base=None, continue_on_error=False, executor='parallel', parallel_workers=20, event_handlers=None, ignore_user_meta=False, metas=['./colcon.meta'], base_paths=['.'], packages_ignore=None, packages_ignore_regex=None, paths=None, packages_up_to=None, packages_up_to_regex=None, packages_above=None, packages_above_and_dependencies=None, packages_above_depth=None, packages_select_by_dep=None, packages_skip_by_dep=None, packages_skip_up_to=None, packages_select_build_failed=False, packages_skip_build_finished=False, packages_select_test_failures=False, packages_skip_test_passed=False, packages_select=None, packages_skip=None, packages_select_regex=None, packages_skip_regex=None, packages_start=None, packages_end=None, allow_overriding=[], cmake_args=None, cmake_target=None, cmake_target_skip_unavailable=False, cmake_clean_cache=False, cmake_clean_first=False, cmake_force_configure=False, ament_cmake_args=None, catkin_cmake_args=None, catkin_skip_building_tests=False, verb_parser=<colcon_defaults.argument_parser.defaults.DefaultArgumentsDecorator object at 0x7f8e52f89e10>, verb_extension=<colcon_core.verb.build.BuildVerb object at 0x7f8e52f89fc0>, main=<bound method BuildVerb.main of <colcon_core.verb.build.BuildVerb object at 0x7f8e52f89fc0>>)
[0.476s] Level 1:colcon.colcon_core.package_discovery:discover_packages(colcon_meta) check parameters
[0.476s] Level 1:colcon.colcon_core.package_discovery:discover_packages(recursive) check parameters
[0.476s] Level 1:colcon.colcon_core.package_discovery:discover_packages(ignore) check parameters
[0.476s] Level 1:colcon.colcon_core.package_discovery:discover_packages(path) check parameters
[0.476s] Level 1:colcon.colcon_core.package_discovery:discover_packages(colcon_meta) discover
[0.476s] Level 1:colcon.colcon_core.package_discovery:discover_packages(recursive) discover
[0.476s] INFO:colcon.colcon_core.package_discovery:Crawling recursively for packages in '/home/daniel/Research/Workspaces/game_theoretic_painting'
[0.476s] Level 1:colcon.colcon_core.package_identification:_identify(.) by extensions ['ignore', 'ignore_ament_install']
[0.476s] Level 1:colcon.colcon_core.package_identification:_identify(.) by extension 'ignore'
[0.476s] Level 1:colcon.colcon_core.package_identification:_identify(.) by extension 'ignore_ament_install'
[0.476s] Level 1:colcon.colcon_core.package_identification:_identify(.) by extensions ['colcon_pkg']
[0.476s] Level 1:colcon.colcon_core.package_identification:_identify(.) by extension 'colcon_pkg'
[0.476s] Level 1:colcon.colcon_core.package_identification:_identify(.) by extensions ['colcon_meta']
[0.476s] Level 1:colcon.colcon_core.package_identification:_identify(.) by extension 'colcon_meta'
[0.476s] Level 1:colcon.colcon_core.package_identification:_identify(.) by extensions ['ros']
[0.476s] Level 1:colcon.colcon_core.package_identification:_identify(.) by extension 'ros'
[0.484s] Level 1:colcon.colcon_core.package_identification:_identify(.) by extensions ['cmake', 'python']
[0.484s] Level 1:colcon.colcon_core.package_identification:_identify(.) by extension 'cmake'
[0.484s] Level 1:colcon.colcon_core.package_identification:_identify(.) by extension 'python'
[0.484s] Level 1:colcon.colcon_core.package_identification:_identify(.) by extensions ['python_setup_py']
[0.484s] Level 1:colcon.colcon_core.package_identification:_identify(.) by extension 'python_setup_py'
[0.484s] Level 1:colcon.colcon_core.package_identification:_identify(build) by extensions ['ignore', 'ignore_ament_install']
[0.484s] Level 1:colcon.colcon_core.package_identification:_identify(build) by extension 'ignore'
[0.484s] Level 1:colcon.colcon_core.package_identification:_identify(build) ignored
[0.484s] Level 1:colcon.colcon_core.package_identification:_identify(images) by extensions ['ignore', 'ignore_ament_install']
[0.484s] Level 1:colcon.colcon_core.package_identification:_identify(images) by extension 'ignore'
[0.484s] Level 1:colcon.colcon_core.package_identification:_identify(images) by extension 'ignore_ament_install'
[0.484s] Level 1:colcon.colcon_core.package_identification:_identify(images) by extensions ['colcon_pkg']
[0.484s] Level 1:colcon.colcon_core.package_identification:_identify(images) by extension 'colcon_pkg'
[0.484s] Level 1:colcon.colcon_core.package_identification:_identify(images) by extensions ['colcon_meta']
[0.484s] Level 1:colcon.colcon_core.package_identification:_identify(images) by extension 'colcon_meta'
[0.484s] Level 1:colcon.colcon_core.package_identification:_identify(images) by extensions ['ros']
[0.484s] Level 1:colcon.colcon_core.package_identification:_identify(images) by extension 'ros'
[0.484s] Level 1:colcon.colcon_core.package_identification:_identify(images) by extensions ['cmake', 'python']
[0.484s] Level 1:colcon.colcon_core.package_identification:_identify(images) by extension 'cmake'
[0.484s] Level 1:colcon.colcon_core.package_identification:_identify(images) by extension 'python'
[0.484s] Level 1:colcon.colcon_core.package_identification:_identify(images) by extensions ['python_setup_py']
[0.484s] Level 1:colcon.colcon_core.package_identification:_identify(images) by extension 'python_setup_py'
[0.484s] Level 1:colcon.colcon_core.package_identification:_identify(install) by extensions ['ignore', 'ignore_ament_install']
[0.484s] Level 1:colcon.colcon_core.package_identification:_identify(install) by extension 'ignore'
[0.484s] Level 1:colcon.colcon_core.package_identification:_identify(install) ignored
[0.484s] Level 1:colcon.colcon_core.package_identification:_identify(log) by extensions ['ignore', 'ignore_ament_install']
[0.484s] Level 1:colcon.colcon_core.package_identification:_identify(log) by extension 'ignore'
[0.484s] Level 1:colcon.colcon_core.package_identification:_identify(log) ignored
[0.484s] Level 1:colcon.colcon_core.package_identification:_identify(src) by extensions ['ignore', 'ignore_ament_install']
[0.484s] Level 1:colcon.colcon_core.package_identification:_identify(src) by extension 'ignore'
[0.484s] Level 1:colcon.colcon_core.package_identification:_identify(src) by extension 'ignore_ament_install'
[0.484s] Level 1:colcon.colcon_core.package_identification:_identify(src) by extensions ['colcon_pkg']
[0.484s] Level 1:colcon.colcon_core.package_identification:_identify(src) by extension 'colcon_pkg'
[0.484s] Level 1:colcon.colcon_core.package_identification:_identify(src) by extensions ['colcon_meta']
[0.485s] Level 1:colcon.colcon_core.package_identification:_identify(src) by extension 'colcon_meta'
[0.485s] Level 1:colcon.colcon_core.package_identification:_identify(src) by extensions ['ros']
[0.485s] Level 1:colcon.colcon_core.package_identification:_identify(src) by extension 'ros'
[0.485s] Level 1:colcon.colcon_core.package_identification:_identify(src) by extensions ['cmake', 'python']
[0.485s] Level 1:colcon.colcon_core.package_identification:_identify(src) by extension 'cmake'
[0.485s] Level 1:colcon.colcon_core.package_identification:_identify(src) by extension 'python'
[0.485s] Level 1:colcon.colcon_core.package_identification:_identify(src) by extensions ['python_setup_py']
[0.485s] Level 1:colcon.colcon_core.package_identification:_identify(src) by extension 'python_setup_py'
[0.485s] Level 1:colcon.colcon_core.package_identification:_identify(src/coverage_contest) by extensions ['ignore', 'ignore_ament_install']
[0.485s] Level 1:colcon.colcon_core.package_identification:_identify(src/coverage_contest) by extension 'ignore'
[0.485s] Level 1:colcon.colcon_core.package_identification:_identify(src/coverage_contest) by extension 'ignore_ament_install'
[0.485s] Level 1:colcon.colcon_core.package_identification:_identify(src/coverage_contest) by extensions ['colcon_pkg']
[0.485s] Level 1:colcon.colcon_core.package_identification:_identify(src/coverage_contest) by extension 'colcon_pkg'
[0.485s] Level 1:colcon.colcon_core.package_identification:_identify(src/coverage_contest) by extensions ['colcon_meta']
[0.485s] Level 1:colcon.colcon_core.package_identification:_identify(src/coverage_contest) by extension 'colcon_meta'
[0.485s] Level 1:colcon.colcon_core.package_identification:_identify(src/coverage_contest) by extensions ['ros']
[0.485s] Level 1:colcon.colcon_core.package_identification:_identify(src/coverage_contest) by extension 'ros'
[0.487s] DEBUG:colcon.colcon_core.package_identification:Package 'src/coverage_contest' with type 'ros.ament_cmake' and name 'coverage_contest'
[0.487s] Level 1:colcon.colcon_core.package_discovery:discover_packages(recursive) using defaults
[0.487s] Level 1:colcon.colcon_core.package_discovery:discover_packages(ignore) discover
[0.487s] Level 1:colcon.colcon_core.package_discovery:discover_packages(ignore) using defaults
[0.487s] Level 1:colcon.colcon_core.package_discovery:discover_packages(path) discover
[0.487s] Level 1:colcon.colcon_core.package_discovery:discover_packages(path) using defaults
[0.527s] Level 1:colcon.colcon_core.package_discovery:discover_packages(prefix_path) check parameters
[0.528s] Level 1:colcon.colcon_core.package_discovery:discover_packages(prefix_path) discover
[0.541s] DEBUG:colcon.colcon_installed_package_information.package_discovery:Found 3 installed packages in /home/daniel/Research/Workspaces/pmd-royale-ros/install
[0.548s] DEBUG:colcon.colcon_installed_package_information.package_discovery:Found 1 installed packages in /home/daniel/Research/Workspaces/slam_toolbox/install
[0.554s] DEBUG:colcon.colcon_installed_package_information.package_discovery:Found 4 installed packages in /home/daniel/Research/Workspaces/turtlebot3_simulations/install
[0.560s] DEBUG:colcon.colcon_installed_package_information.package_discovery:Found 8 installed packages in /home/daniel/Research/Workspaces/turtlebot3/install
[0.566s] DEBUG:colcon.colcon_installed_package_information.package_discovery:Found 4 installed packages in /home/daniel/Research/Workspaces/minibot/install
[0.578s] DEBUG:colcon.colcon_installed_package_information.package_discovery:Found 352 installed packages in /opt/ros/humble
[0.579s] Level 1:colcon.colcon_core.package_discovery:discover_packages(prefix_path) using defaults
[0.629s] Level 5:colcon.colcon_core.verb:set package 'coverage_contest' build argument 'cmake_args' from command line to 'None'
[0.629s] Level 5:colcon.colcon_core.verb:set package 'coverage_contest' build argument 'cmake_target' from command line to 'None'
[0.629s] Level 5:colcon.colcon_core.verb:set package 'coverage_contest' build argument 'cmake_target_skip_unavailable' from command line to 'False'
[0.629s] Level 5:colcon.colcon_core.verb:set package 'coverage_contest' build argument 'cmake_clean_cache' from command line to 'False'
[0.629s] Level 5:colcon.colcon_core.verb:set package 'coverage_contest' build argument 'cmake_clean_first' from command line to 'False'
[0.629s] Level 5:colcon.colcon_core.verb:set package 'coverage_contest' build argument 'cmake_force_configure' from command line to 'False'
[0.629s] Level 5:colcon.colcon_core.verb:set package 'coverage_contest' build argument 'ament_cmake_args' from command line to 'None'
[0.629s] Level 5:colcon.colcon_core.verb:set package 'coverage_contest' build argument 'catkin_cmake_args' from command line to 'None'
[0.629s] Level 5:colcon.colcon_core.verb:set package 'coverage_contest' build argument 'catkin_skip_building_tests' from command line to 'False'
[0.629s] DEBUG:colcon.colcon_core.verb:Building package 'coverage_contest' with the following arguments: {'ament_cmake_args': None, 'build_base': '/home/daniel/Research/Workspaces/game_theoretic_painting/build/coverage_contest', 'catkin_cmake_args': None, 'catkin_skip_building_tests': False, 'cmake_args': None, 'cmake_clean_cache': False, 'cmake_clean_first': False, 'cmake_force_configure': False, 'cmake_target': None, 'cmake_target_skip_unavailable': False, 'install_base': '/home/daniel/Research/Workspaces/game_theoretic_painting/install/coverage_contest', 'merge_install': False, 'path': '/home/daniel/Research/Workspaces/game_theoretic_painting/src/coverage_contest', 'symlink_install': False, 'test_result_base': None}
[0.635s] INFO:colcon.colcon_core.executor:Executing jobs using 'parallel' executor
[0.642s] DEBUG:colcon.colcon_parallel_executor.executor.parallel:run_until_complete
[0.642s] INFO:colcon.colcon_ros.task.ament_cmake.build:Building ROS package in '/home/daniel/Research/Workspaces/game_theoretic_painting/src/coverage_contest' with build type 'ament_cmake'
[0.642s] INFO:colcon.colcon_cmake.task.cmake.build:Building CMake package in '/home/daniel/Research/Workspaces/game_theoretic_painting/src/coverage_contest'
[0.650s] INFO:colcon.colcon_core.plugin_system:Skipping extension 'colcon_core.shell.bat': Not used on non-Windows systems
[0.650s] INFO:colcon.colcon_core.shell:Skip shell extension 'powershell' for command environment: Not usable outside of PowerShell
[0.650s] DEBUG:colcon.colcon_core.shell:Skip shell extension 'dsv' for command environment
[0.698s] DEBUG:colcon.colcon_core.event_handler.log_command:Invoking command in '/home/daniel/Research/Workspaces/game_theoretic_painting/build/coverage_contest': CMAKE_PREFIX_PATH=${CMAKE_PREFIX_PATH}:/home/daniel/Research/Workspaces/turtlebot3/install/turtlebot3_teleop:/home/daniel/Research/Workspaces/turtlebot3/install/turtlebot3_example:/opt/ros/humble /usr/bin/cmake --build /home/daniel/Research/Workspaces/game_theoretic_painting/build/coverage_contest -- -j20 -l20
[3.230s] DEBUG:colcon.colcon_core.event_handler.log_command:Invoked command in '/home/daniel/Research/Workspaces/game_theoretic_painting/build/coverage_contest' returned '0': CMAKE_PREFIX_PATH=${CMAKE_PREFIX_PATH}:/home/daniel/Research/Workspaces/turtlebot3/install/turtlebot3_teleop:/home/daniel/Research/Workspaces/turtlebot3/install/turtlebot3_example:/opt/ros/humble /usr/bin/cmake --build /home/daniel/Research/Workspaces/game_theoretic_painting/build/coverage_contest -- -j20 -l20
[3.250s] DEBUG:colcon.colcon_core.event_handler.log_command:Invoking command in '/home/daniel/Research/Workspaces/game_theoretic_painting/build/coverage_contest': CMAKE_PREFIX_PATH=${CMAKE_PREFIX_PATH}:/home/daniel/Research/Workspaces/turtlebot3/install/turtlebot3_teleop:/home/daniel/Research/Workspaces/turtlebot3/install/turtlebot3_example:/opt/ros/humble /usr/bin/cmake --install /home/daniel/Research/Workspaces/game_theoretic_painting/build/coverage_contest
[3.259s] Level 1:colcon.colcon_core.environment:create_environment_scripts_only(coverage_contest)
[3.260s] DEBUG:colcon.colcon_core.event_handler.log_command:Invoked command in '/home/daniel/Research/Workspaces/game_theoretic_painting/build/coverage_contest' returned '0': CMAKE_PREFIX_PATH=${CMAKE_PREFIX_PATH}:/home/daniel/Research/Workspaces/turtlebot3/install/turtlebot3_teleop:/home/daniel/Research/Workspaces/turtlebot3/install/turtlebot3_example:/opt/ros/humble /usr/bin/cmake --install /home/daniel/Research/Workspaces/game_theoretic_painting/build/coverage_contest
[3.269s] Level 1:colcon.colcon_core.environment:checking '/home/daniel/Research/Workspaces/game_theoretic_painting/install/coverage_contest' for CMake module files
[3.269s] Level 1:colcon.colcon_core.environment:checking '/home/daniel/Research/Workspaces/game_theoretic_painting/install/coverage_contest' for CMake config files
[3.269s] Level 1:colcon.colcon_core.shell:create_environment_hook('coverage_contest', 'cmake_prefix_path')
[3.276s] INFO:colcon.colcon_core.shell:Creating environment hook '/home/daniel/Research/Workspaces/game_theoretic_painting/install/coverage_contest/share/coverage_contest/hook/cmake_prefix_path.ps1'
[3.276s] INFO:colcon.colcon_core.shell:Creating environment descriptor '/home/daniel/Research/Workspaces/game_theoretic_painting/install/coverage_contest/share/coverage_contest/hook/cmake_prefix_path.dsv'
[3.277s] INFO:colcon.colcon_core.shell:Creating environment hook '/home/daniel/Research/Workspaces/game_theoretic_painting/install/coverage_contest/share/coverage_contest/hook/cmake_prefix_path.sh'
[3.277s] Level 1:colcon.colcon_core.environment:checking '/home/daniel/Research/Workspaces/game_theoretic_painting/install/coverage_contest/lib'
[3.277s] Level 1:colcon.colcon_core.environment:checking '/home/daniel/Research/Workspaces/game_theoretic_painting/install/coverage_contest/bin'
[3.277s] Level 1:colcon.colcon_core.environment:checking '/home/daniel/Research/Workspaces/game_theoretic_painting/install/coverage_contest/lib/pkgconfig/coverage_contest.pc'
[3.278s] Level 1:colcon.colcon_core.environment:checking '/home/daniel/Research/Workspaces/game_theoretic_painting/install/coverage_contest/lib/python3.10/site-packages'
[3.278s] Level 1:colcon.colcon_core.environment:checking '/home/daniel/Research/Workspaces/game_theoretic_painting/install/coverage_contest/bin'
[3.284s] INFO:colcon.colcon_core.shell:Creating package script '/home/daniel/Research/Workspaces/game_theoretic_painting/install/coverage_contest/share/coverage_contest/package.ps1'
[3.284s] INFO:colcon.colcon_core.shell:Creating package descriptor '/home/daniel/Research/Workspaces/game_theoretic_painting/install/coverage_contest/share/coverage_contest/package.dsv'
[3.285s] INFO:colcon.colcon_core.shell:Creating package script '/home/daniel/Research/Workspaces/game_theoretic_painting/install/coverage_contest/share/coverage_contest/package.sh'
[3.285s] INFO:colcon.colcon_core.shell:Creating package script '/home/daniel/Research/Workspaces/game_theoretic_painting/install/coverage_contest/share/coverage_contest/package.bash'
[3.285s] INFO:colcon.colcon_core.shell:Creating package script '/home/daniel/Research/Workspaces/game_theoretic_painting/install/coverage_contest/share/coverage_contest/package.zsh'
[3.286s] Level 1:colcon.colcon_core.environment:create_file_with_runtime_dependencies(/home/daniel/Research/Workspaces/game_theoretic_painting/install/coverage_contest/share/colcon-core/packages/coverage_contest)
[3.308s] Level 1:colcon.colcon_core.environment:create_environment_scripts_only(coverage_contest)
[3.315s] Level 1:colcon.colcon_core.environment:checking '/home/daniel/Research/Workspaces/game_theoretic_painting/install/coverage_contest' for CMake module files
[3.315s] Level 1:colcon.colcon_core.environment:checking '/home/daniel/Research/Workspaces/game_theoretic_painting/install/coverage_contest' for CMake config files
[3.315s] Level 1:colcon.colcon_core.shell:create_environment_hook('coverage_contest', 'cmake_prefix_path')
[3.323s] INFO:colcon.colcon_core.shell:Creating environment hook '/home/daniel/Research/Workspaces/game_theoretic_painting/install/coverage_contest/share/coverage_contest/hook/cmake_prefix_path.ps1'
[3.323s] INFO:colcon.colcon_core.shell:Creating environment descriptor '/home/daniel/Research/Workspaces/game_theoretic_painting/install/coverage_contest/share/coverage_contest/hook/cmake_prefix_path.dsv'
[3.323s] INFO:colcon.colcon_core.shell:Creating environment hook '/home/daniel/Research/Workspaces/game_theoretic_painting/install/coverage_contest/share/coverage_contest/hook/cmake_prefix_path.sh'
[3.323s] Level 1:colcon.colcon_core.environment:checking '/home/daniel/Research/Workspaces/game_theoretic_painting/install/coverage_contest/lib'
[3.323s] Level 1:colcon.colcon_core.environment:checking '/home/daniel/Research/Workspaces/game_theoretic_painting/install/coverage_contest/bin'
[3.323s] Level 1:colcon.colcon_core.environment:checking '/home/daniel/Research/Workspaces/game_theoretic_painting/install/coverage_contest/lib/pkgconfig/coverage_contest.pc'
[3.323s] Level 1:colcon.colcon_core.environment:checking '/home/daniel/Research/Workspaces/game_theoretic_painting/install/coverage_contest/lib/python3.10/site-packages'
[3.324s] Level 1:colcon.colcon_core.environment:checking '/home/daniel/Research/Workspaces/game_theoretic_painting/install/coverage_contest/bin'
[3.330s] INFO:colcon.colcon_core.shell:Creating package script '/home/daniel/Research/Workspaces/game_theoretic_painting/install/coverage_contest/share/coverage_contest/package.ps1'
[3.330s] INFO:colcon.colcon_core.shell:Creating package descriptor '/home/daniel/Research/Workspaces/game_theoretic_painting/install/coverage_contest/share/coverage_contest/package.dsv'
[3.330s] INFO:colcon.colcon_core.shell:Creating package script '/home/daniel/Research/Workspaces/game_theoretic_painting/install/coverage_contest/share/coverage_contest/package.sh'
[3.330s] INFO:colcon.colcon_core.shell:Creating package script '/home/daniel/Research/Workspaces/game_theoretic_painting/install/coverage_contest/share/coverage_contest/package.bash'
[3.330s] INFO:colcon.colcon_core.shell:Creating package script '/home/daniel/Research/Workspaces/game_theoretic_painting/install/coverage_contest/share/coverage_contest/package.zsh'
[3.331s] Level 1:colcon.colcon_core.environment:create_file_with_runtime_dependencies(/home/daniel/Research/Workspaces/game_theoretic_painting/install/coverage_contest/share/colcon-core/packages/coverage_contest)
[3.331s] DEBUG:colcon.colcon_parallel_executor.executor.parallel:closing loop
[3.331s] DEBUG:colcon.colcon_parallel_executor.executor.parallel:loop closed
[3.331s] DEBUG:colcon.colcon_parallel_executor.executor.parallel:run_until_complete finished with '0'
[3.331s] DEBUG:colcon.colcon_core.event_reactor:joining thread
[3.341s] INFO:colcon.colcon_core.plugin_system:Skipping extension 'colcon_notification.desktop_notification.terminal_notifier': Not used on non-Darwin systems
[3.341s] INFO:colcon.colcon_core.plugin_system:Skipping extension 'colcon_notification.desktop_notification.win32': Not used on non-Windows systems
[3.341s] INFO:colcon.colcon_notification.desktop_notification:Sending desktop notification using 'notify2'
[3.355s] DEBUG:colcon.colcon_core.event_reactor:joined thread
[3.362s] INFO:colcon.colcon_core.shell:Creating prefix script '/home/daniel/Research/Workspaces/game_theoretic_painting/install/local_setup.ps1'
[3.362s] INFO:colcon.colcon_core.shell:Creating prefix util module '/home/daniel/Research/Workspaces/game_theoretic_painting/install/_local_setup_util_ps1.py'
[3.363s] INFO:colcon.colcon_core.shell:Creating prefix chain script '/home/daniel/Research/Workspaces/game_theoretic_painting/install/setup.ps1'
[3.370s] INFO:colcon.colcon_core.shell:Creating prefix script '/home/daniel/Research/Workspaces/game_theoretic_painting/install/local_setup.sh'
[3.371s] INFO:colcon.colcon_core.shell:Creating prefix util module '/home/daniel/Research/Workspaces/game_theoretic_painting/install/_local_setup_util_sh.py'
[3.371s] INFO:colcon.colcon_core.shell:Creating prefix chain script '/home/daniel/Research/Workspaces/game_theoretic_painting/install/setup.sh'
[3.378s] INFO:colcon.colcon_core.shell:Creating prefix script '/home/daniel/Research/Workspaces/game_theoretic_painting/install/local_setup.bash'
[3.378s] INFO:colcon.colcon_core.shell:Creating prefix chain script '/home/daniel/Research/Workspaces/game_theoretic_painting/install/setup.bash'
[3.385s] INFO:colcon.colcon_core.shell:Creating prefix script '/home/daniel/Research/Workspaces/game_theoretic_painting/install/local_setup.zsh'
[3.386s] INFO:colcon.colcon_core.shell:Creating prefix chain script '/home/daniel/Research/Workspaces/game_theoretic_painting/install/setup.zsh'
