[0.057s] Invoking command in '/home/daniel/Research/Workspaces/game_theoretic_painting/build/coverage_contest': CMAKE_PREFIX_PATH=${CMAKE_PREFIX_PATH}:/home/daniel/Research/Workspaces/turtlebot3/install/turtlebot3_teleop:/home/daniel/Research/Workspaces/turtlebot3/install/turtlebot3_example:/opt/ros/humble /usr/bin/cmake --build /home/daniel/Research/Workspaces/game_theoretic_painting/build/coverage_contest -- -j20 -l20
[0.082s] [35m[1mConsolidate compiler generated dependencies of target play_game[0m
[0.092s] [ 50%] [32mBuilding CXX object CMakeFiles/play_game.dir/src/play_game.cpp.o[0m
[1.954s] [100%] [32m[1mLinking CXX executable play_game[0m
[2.018s] [100%] Built target play_game
[2.025s] Invoked command in '/home/daniel/Research/Workspaces/game_theoretic_painting/build/coverage_contest' returned '0': CMAKE_PREFIX_PATH=${CMAKE_PREFIX_PATH}:/home/daniel/Research/Workspaces/turtlebot3/install/turtlebot3_teleop:/home/daniel/Research/Workspaces/turtlebot3/install/turtlebot3_example:/opt/ros/humble /usr/bin/cmake --build /home/daniel/Research/Workspaces/game_theoretic_painting/build/coverage_contest -- -j20 -l20
[2.047s] Invoking command in '/home/daniel/Research/Workspaces/game_theoretic_painting/build/coverage_contest': CMAKE_PREFIX_PATH=${CMAKE_PREFIX_PATH}:/home/daniel/Research/Workspaces/turtlebot3/install/turtlebot3_teleop:/home/daniel/Research/Workspaces/turtlebot3/install/turtlebot3_example:/opt/ros/humble /usr/bin/cmake --install /home/daniel/Research/Workspaces/game_theoretic_painting/build/coverage_contest
[2.051s] -- Install configuration: ""
[2.051s] -- Installing: /home/daniel/Research/Workspaces/game_theoretic_painting/install/coverage_contest/lib/coverage_contest/play_game
[2.052s] -- Set runtime path of "/home/daniel/Research/Workspaces/game_theoretic_painting/install/coverage_contest/lib/coverage_contest/play_game" to ""
[2.052s] -- Up-to-date: /home/daniel/Research/Workspaces/game_theoretic_painting/install/coverage_contest/share/coverage_contest/config
[2.052s] -- Up-to-date: /home/daniel/Research/Workspaces/game_theoretic_painting/install/coverage_contest/share/coverage_contest/config/params.yaml
[2.052s] -- Up-to-date: /home/daniel/Research/Workspaces/game_theoretic_painting/install/coverage_contest/share/coverage_contest/launch
[2.052s] -- Up-to-date: /home/daniel/Research/Workspaces/game_theoretic_painting/install/coverage_contest/share/coverage_contest/launch/load_game.launch
[2.052s] -- Up-to-date: /home/daniel/Research/Workspaces/game_theoretic_painting/install/coverage_contest/share/ament_index/resource_index/package_run_dependencies/coverage_contest
[2.052s] -- Up-to-date: /home/daniel/Research/Workspaces/game_theoretic_painting/install/coverage_contest/share/ament_index/resource_index/parent_prefix_path/coverage_contest
[2.052s] -- Up-to-date: /home/daniel/Research/Workspaces/game_theoretic_painting/install/coverage_contest/share/coverage_contest/environment/ament_prefix_path.sh
[2.052s] -- Up-to-date: /home/daniel/Research/Workspaces/game_theoretic_painting/install/coverage_contest/share/coverage_contest/environment/ament_prefix_path.dsv
[2.052s] -- Up-to-date: /home/daniel/Research/Workspaces/game_theoretic_painting/install/coverage_contest/share/coverage_contest/environment/path.sh
[2.052s] -- Up-to-date: /home/daniel/Research/Workspaces/game_theoretic_painting/install/coverage_contest/share/coverage_contest/environment/path.dsv
[2.052s] -- Up-to-date: /home/daniel/Research/Workspaces/game_theoretic_painting/install/coverage_contest/share/coverage_contest/local_setup.bash
[2.052s] -- Up-to-date: /home/daniel/Research/Workspaces/game_theoretic_painting/install/coverage_contest/share/coverage_contest/local_setup.sh
[2.052s] -- Up-to-date: /home/daniel/Research/Workspaces/game_theoretic_painting/install/coverage_contest/share/coverage_contest/local_setup.zsh
[2.052s] -- Up-to-date: /home/daniel/Research/Workspaces/game_theoretic_painting/install/coverage_contest/share/coverage_contest/local_setup.dsv
[2.052s] -- Installing: /home/daniel/Research/Workspaces/game_theoretic_painting/install/coverage_contest/share/coverage_contest/package.dsv
[2.052s] -- Up-to-date: /home/daniel/Research/Workspaces/game_theoretic_painting/install/coverage_contest/share/ament_index/resource_index/packages/coverage_contest
[2.052s] -- Up-to-date: /home/daniel/Research/Workspaces/game_theoretic_painting/install/coverage_contest/share/coverage_contest/cmake/coverage_contestConfig.cmake
[2.052s] -- Up-to-date: /home/daniel/Research/Workspaces/game_theoretic_painting/install/coverage_contest/share/coverage_contest/cmake/coverage_contestConfig-version.cmake
[2.053s] -- Up-to-date: /home/daniel/Research/Workspaces/game_theoretic_painting/install/coverage_contest/share/coverage_contest/package.xml
[2.053s] Invoked command in '/home/daniel/Research/Workspaces/game_theoretic_painting/build/coverage_contest' returned '0': CMAKE_PREFIX_PATH=${CMAKE_PREFIX_PATH}:/home/daniel/Research/Workspaces/turtlebot3/install/turtlebot3_teleop:/home/daniel/Research/Workspaces/turtlebot3/install/turtlebot3_example:/opt/ros/humble /usr/bin/cmake --install /home/daniel/Research/Workspaces/game_theoretic_painting/build/coverage_contest
