[0.063s] Invoking command in '/home/daniel/Research/Workspaces/game_theoretic_painting/build/coverage_contest': CMAKE_PREFIX_PATH=${CMAKE_PREFIX_PATH}:/home/daniel/Research/Workspaces/turtlebot3/install/turtlebot3_teleop:/home/daniel/Research/Workspaces/turtlebot3/install/turtlebot3_example:/opt/ros/humble /usr/bin/cmake --build /home/daniel/Research/Workspaces/game_theoretic_painting/build/coverage_contest -- -j20 -l20
[0.089s] [35m[1mConsolidate compiler generated dependencies of target game_visualizer[0m
[0.098s] [ 50%] Built target game_visualizer
[0.105s] [35m[1mConsolidate compiler generated dependencies of target play_game[0m
[0.115s] [ 75%] [32mBuilding CXX object CMakeFiles/play_game.dir/src/play_game.cpp.o[0m
[1.368s] [01m[K/home/daniel/Research/Workspaces/game_theoretic_painting/src/coverage_contest/src/play_game.cpp:[m[K In constructor ‘[01m[KGamePlayer::GamePlayer(GameVisualizer*)[m[K’:
[1.368s] [01m[K/home/daniel/Research/Workspaces/game_theoretic_painting/src/coverage_contest/src/play_game.cpp:21:85:[m[K [01;31m[Kerror: [m[Kfound ‘[01m[K:[m[K’ in nested-name-specifier, expected ‘[01m[K::[m[K’
[1.368s]    21 | ePlayer::GamePlayer(GameVisualizer *visualizer) : Node("play_game"), visualizer_ [01;31m[K:[m[K visualizer {
[1.368s]       |                                                                                  [01;31m[K^[m[K
[1.368s]       |                                                                                  [32m[K::[m[K
[1.368s] [01m[K/home/daniel/Research/Workspaces/game_theoretic_painting/src/coverage_contest/src/play_game.cpp:21:73:[m[K [01;31m[Kerror: [m[K‘[01m[Kvisualizer_[m[K’ is not a class, namespace, or enumeration
[1.368s]    21 | GamePlayer::GamePlayer(GameVisualizer *visualizer) : Node("play_game"), [01;31m[Kvisualizer_[m[K : visualizer {
[1.368s]       |                                                                         [01;31m[K^~~~~~~~~~~[m[K
[1.368s] [01m[K/home/daniel/Research/Workspaces/game_theoretic_painting/src/coverage_contest/src/play_game.cpp:21:87:[m[K [01;31m[Kerror: [m[Kexpected ‘[01m[K{[m[K’ before ‘[01m[Kvisualizer[m[K’
[1.368s]    21 | layer::GamePlayer(GameVisualizer *visualizer) : Node("play_game"), visualizer_ : [01;31m[Kvisualizer[m[K {
[1.368s]       |                                                                                  [01;31m[K^~~~~~~~~~[m[K
[1.368s] 
[1.368s] [01m[K/home/daniel/Research/Workspaces/game_theoretic_painting/src/coverage_contest/src/play_game.cpp:21:40:[m[K [01;35m[Kwarning: [m[Kunused parameter ‘[01m[Kvisualizer[m[K’ [[01;35m[K]8;;https://gcc.gnu.org/onlinedocs/gcc/Warning-Options.html#index-Wunused-parameter-Wunused-parameter]8;;[m[K]
[1.368s]    21 | GamePlayer::GamePlayer([01;35m[KGameVisualizer *visualizer[m[K) : Node("play_game"), visualizer_ : visualizer {
[1.368s]       |                        [01;35m[K~~~~~~~~~~~~~~~~^~~~~~~~~~[m[K
[1.369s] [01m[K/home/daniel/Research/Workspaces/game_theoretic_painting/src/coverage_contest/src/play_game.cpp:[m[K At global scope:
[1.369s] [01m[K/home/daniel/Research/Workspaces/game_theoretic_painting/src/coverage_contest/src/play_game.cpp:21:87:[m[K [01;31m[Kerror: [m[K‘[01m[Kvisualizer[m[K’ does not name a type; did you mean ‘[01m[KGameVisualizer[m[K’?
[1.369s]    21 | layer::GamePlayer(GameVisualizer *visualizer) : Node("play_game"), visualizer_ : [01;31m[Kvisualizer[m[K {
[1.369s]       |                                                                                  [01;31m[K^~~~~~~~~~[m[K
[1.369s]       |                                                                                  [32m[KGameVisualizer[m[K
[1.373s] [01m[K/home/daniel/Research/Workspaces/game_theoretic_painting/src/coverage_contest/src/play_game.cpp:[m[K In function ‘[01m[Kint main(int, char**)[m[K’:
[1.373s] [01m[K/home/daniel/Research/Workspaces/game_theoretic_painting/src/coverage_contest/src/play_game.cpp:50:19:[m[K [01;35m[Kwarning: [m[Kunused variable ‘[01m[Kvisualizer_[m[K’ [[01;35m[K]8;;https://gcc.gnu.org/onlinedocs/gcc/Warning-Options.html#index-Wunused-variable-Wunused-variable]8;;[m[K]
[1.373s]    50 |   GameVisualizer *[01;35m[Kvisualizer_[m[K = new GameVisualizer(node);
[1.373s]       |                   [01;35m[K^~~~~~~~~~~[m[K
[1.867s] gmake[2]: *** [CMakeFiles/play_game.dir/build.make:76: CMakeFiles/play_game.dir/src/play_game.cpp.o] Error 1
[1.868s] gmake[1]: *** [CMakeFiles/Makefile2:165: CMakeFiles/play_game.dir/all] Error 2
[1.868s] gmake: *** [Makefile:146: all] Error 2
[1.870s] Invoked command in '/home/daniel/Research/Workspaces/game_theoretic_painting/build/coverage_contest' returned '2': CMAKE_PREFIX_PATH=${CMAKE_PREFIX_PATH}:/home/daniel/Research/Workspaces/turtlebot3/install/turtlebot3_teleop:/home/daniel/Research/Workspaces/turtlebot3/install/turtlebot3_example:/opt/ros/humble /usr/bin/cmake --build /home/daniel/Research/Workspaces/game_theoretic_painting/build/coverage_contest -- -j20 -l20
