[0.062s] Invoking command in '/home/daniel/Research/Workspaces/game_theoretic_painting/build/coverage_contest': CMAKE_PREFIX_PATH=${CMAKE_PREFIX_PATH}:/home/daniel/Research/Workspaces/turtlebot3/install/turtlebot3_teleop:/home/daniel/Research/Workspaces/turtlebot3/install/turtlebot3_example:/opt/ros/humble /usr/bin/cmake --build /home/daniel/Research/Workspaces/game_theoretic_painting/build/coverage_contest -- -j20 -l20
[0.095s] [ 25%] [32mBuilding CXX object CMakeFiles/game_visualizer.dir/src/game_visualizer.cpp.o[0m
[1.574s] [ 50%] [32m[1mLinking CXX static library libgame_visualizer.a[0m
[1.591s] [ 50%] Built target game_visualizer
[1.597s] [35m[1mConsolidate compiler generated dependencies of target play_game[0m
[1.607s] [ 75%] [32mBuilding CXX object CMakeFiles/play_game.dir/src/play_game.cpp.o[0m
[3.977s] [100%] [32m[1mLinking CXX executable play_game[0m
[4.075s] [100%] Built target play_game
[4.085s] Invoked command in '/home/daniel/Research/Workspaces/game_theoretic_painting/build/coverage_contest' returned '0': CMAKE_PREFIX_PATH=${CMAKE_PREFIX_PATH}:/home/daniel/Research/Workspaces/turtlebot3/install/turtlebot3_teleop:/home/daniel/Research/Workspaces/turtlebot3/install/turtlebot3_example:/opt/ros/humble /usr/bin/cmake --build /home/daniel/Research/Workspaces/game_theoretic_painting/build/coverage_contest -- -j20 -l20
[4.108s] Invoking command in '/home/daniel/Research/Workspaces/game_theoretic_painting/build/coverage_contest': CMAKE_PREFIX_PATH=${CMAKE_PREFIX_PATH}:/home/daniel/Research/Workspaces/turtlebot3/install/turtlebot3_teleop:/home/daniel/Research/Workspaces/turtlebot3/install/turtlebot3_example:/opt/ros/humble /usr/bin/cmake --install /home/daniel/Research/Workspaces/game_theoretic_painting/build/coverage_contest
[4.112s] -- Install configuration: ""
[4.112s] -- Installing: /home/daniel/Research/Workspaces/game_theoretic_painting/install/coverage_contest/lib/coverage_contest/play_game
[4.113s] -- Set runtime path of "/home/daniel/Research/Workspaces/game_theoretic_painting/install/coverage_contest/lib/coverage_contest/play_game" to ""
[4.114s] -- Up-to-date: /home/daniel/Research/Workspaces/game_theoretic_painting/install/coverage_contest/share/coverage_contest/config
[4.114s] -- Up-to-date: /home/daniel/Research/Workspaces/game_theoretic_painting/install/coverage_contest/share/coverage_contest/config/params.yaml
[4.114s] -- Up-to-date: /home/daniel/Research/Workspaces/game_theoretic_painting/install/coverage_contest/share/coverage_contest/launch
[4.114s] -- Up-to-date: /home/daniel/Research/Workspaces/game_theoretic_painting/install/coverage_contest/share/coverage_contest/launch/load_game.launch
[4.114s] -- Up-to-date: /home/daniel/Research/Workspaces/game_theoretic_painting/install/coverage_contest/share/ament_index/resource_index/package_run_dependencies/coverage_contest
[4.114s] -- Up-to-date: /home/daniel/Research/Workspaces/game_theoretic_painting/install/coverage_contest/share/ament_index/resource_index/parent_prefix_path/coverage_contest
[4.114s] -- Up-to-date: /home/daniel/Research/Workspaces/game_theoretic_painting/install/coverage_contest/share/coverage_contest/environment/ament_prefix_path.sh
[4.114s] -- Installing: /home/daniel/Research/Workspaces/game_theoretic_painting/install/coverage_contest/share/coverage_contest/environment/ament_prefix_path.dsv
[4.114s] -- Up-to-date: /home/daniel/Research/Workspaces/game_theoretic_painting/install/coverage_contest/share/coverage_contest/environment/path.sh
[4.114s] -- Installing: /home/daniel/Research/Workspaces/game_theoretic_painting/install/coverage_contest/share/coverage_contest/environment/path.dsv
[4.114s] -- Up-to-date: /home/daniel/Research/Workspaces/game_theoretic_painting/install/coverage_contest/share/coverage_contest/local_setup.bash
[4.114s] -- Up-to-date: /home/daniel/Research/Workspaces/game_theoretic_painting/install/coverage_contest/share/coverage_contest/local_setup.sh
[4.114s] -- Up-to-date: /home/daniel/Research/Workspaces/game_theoretic_painting/install/coverage_contest/share/coverage_contest/local_setup.zsh
[4.114s] -- Installing: /home/daniel/Research/Workspaces/game_theoretic_painting/install/coverage_contest/share/coverage_contest/local_setup.dsv
[4.114s] -- Up-to-date: /home/daniel/Research/Workspaces/game_theoretic_painting/install/coverage_contest/share/coverage_contest/package.dsv
[4.114s] -- Up-to-date: /home/daniel/Research/Workspaces/game_theoretic_painting/install/coverage_contest/share/ament_index/resource_index/packages/coverage_contest
[4.114s] -- Up-to-date: /home/daniel/Research/Workspaces/game_theoretic_painting/install/coverage_contest/share/coverage_contest/cmake/coverage_contestConfig.cmake
[4.114s] -- Up-to-date: /home/daniel/Research/Workspaces/game_theoretic_painting/install/coverage_contest/share/coverage_contest/cmake/coverage_contestConfig-version.cmake
[4.114s] -- Up-to-date: /home/daniel/Research/Workspaces/game_theoretic_painting/install/coverage_contest/share/coverage_contest/package.xml
[4.115s] Invoked command in '/home/daniel/Research/Workspaces/game_theoretic_painting/build/coverage_contest' returned '0': CMAKE_PREFIX_PATH=${CMAKE_PREFIX_PATH}:/home/daniel/Research/Workspaces/turtlebot3/install/turtlebot3_teleop:/home/daniel/Research/Workspaces/turtlebot3/install/turtlebot3_example:/opt/ros/humble /usr/bin/cmake --install /home/daniel/Research/Workspaces/game_theoretic_painting/build/coverage_contest
