[0.061s] Invoking command in '/home/daniel/Research/Workspaces/game_theoretic_painting/build/coverage_contest': CMAKE_PREFIX_PATH=${CMAKE_PREFIX_PATH}:/home/daniel/Research/Workspaces/turtlebot3/install/turtlebot3_teleop:/home/daniel/Research/Workspaces/turtlebot3/install/turtlebot3_example:/opt/ros/humble /usr/bin/cmake --build /home/daniel/Research/Workspaces/game_theoretic_painting/build/coverage_contest -- -j20 -l20
[0.094s] [ 50%] Built target game_visualizer
[0.100s] [35m[1mConsolidate compiler generated dependencies of target play_game[0m
[0.110s] [ 75%] [32mBuilding CXX object CMakeFiles/play_game.dir/src/play_game.cpp.o[0m
[1.356s] [01m[K/home/daniel/Research/Workspaces/game_theoretic_painting/src/coverage_contest/src/play_game.cpp:[m[K In constructor ‘[01m[KGamePlayer::GamePlayer()[m[K’:
[1.356s] [01m[K/home/daniel/Research/Workspaces/game_theoretic_painting/src/coverage_contest/src/play_game.cpp:18:36:[m[K [01;31m[Kerror: [m[Kno matching function for call to ‘[01m[KGameVisualizer::GameVisualizer()[m[K’
[1.356s]    18 |   visualizer_ = new GameVisualizer([01;31m[K)[m[K;
[1.356s]       |                                    [01;31m[K^[m[K
[1.356s] In file included from [01m[K/home/daniel/Research/Workspaces/game_theoretic_painting/src/coverage_contest/include/coverage_contest/play_game.h:20[m[K,
[1.356s]                  from [01m[K/home/daniel/Research/Workspaces/game_theoretic_painting/src/coverage_contest/src/play_game.cpp:1[m[K:
[1.356s] [01m[K/home/daniel/Research/Workspaces/game_theoretic_painting/src/coverage_contest/include/coverage_contest/game_visualizer.h:35:5:[m[K [01;36m[Knote: [m[Kcandidate: ‘[01m[KGameVisualizer::GameVisualizer(rclcpp::Node::SharedPtr)[m[K’
[1.356s]    35 |     [01;36m[KGameVisualizer[m[K(rclcpp::Node::SharedPtr node);
[1.356s]       |     [01;36m[K^~~~~~~~~~~~~~[m[K
[1.356s] [01m[K/home/daniel/Research/Workspaces/game_theoretic_painting/src/coverage_contest/include/coverage_contest/game_visualizer.h:35:5:[m[K [01;36m[Knote: [m[K  candidate expects 1 argument, 0 provided
[1.356s] [01m[K/home/daniel/Research/Workspaces/game_theoretic_painting/src/coverage_contest/include/coverage_contest/game_visualizer.h:33:7:[m[K [01;36m[Knote: [m[Kcandidate: ‘[01m[KGameVisualizer::GameVisualizer(const GameVisualizer&)[m[K’
[1.356s]    33 | class [01;36m[KGameVisualizer[m[K {
[1.356s]       |       [01;36m[K^~~~~~~~~~~~~~[m[K
[1.356s] [01m[K/home/daniel/Research/Workspaces/game_theoretic_painting/src/coverage_contest/include/coverage_contest/game_visualizer.h:33:7:[m[K [01;36m[Knote: [m[K  candidate expects 1 argument, 0 provided
[1.356s] [01m[K/home/daniel/Research/Workspaces/game_theoretic_painting/src/coverage_contest/include/coverage_contest/game_visualizer.h:33:7:[m[K [01;36m[Knote: [m[Kcandidate: ‘[01m[KGameVisualizer::GameVisualizer(GameVisualizer&&)[m[K’
[1.356s] [01m[K/home/daniel/Research/Workspaces/game_theoretic_painting/src/coverage_contest/include/coverage_contest/game_visualizer.h:33:7:[m[K [01;36m[Knote: [m[K  candidate expects 1 argument, 0 provided
[1.856s] gmake[2]: *** [CMakeFiles/play_game.dir/build.make:76: CMakeFiles/play_game.dir/src/play_game.cpp.o] Error 1
[1.856s] gmake[1]: *** [CMakeFiles/Makefile2:165: CMakeFiles/play_game.dir/all] Error 2
[1.856s] gmake: *** [Makefile:146: all] Error 2
[1.858s] Invoked command in '/home/daniel/Research/Workspaces/game_theoretic_painting/build/coverage_contest' returned '2': CMAKE_PREFIX_PATH=${CMAKE_PREFIX_PATH}:/home/daniel/Research/Workspaces/turtlebot3/install/turtlebot3_teleop:/home/daniel/Research/Workspaces/turtlebot3/install/turtlebot3_example:/opt/ros/humble /usr/bin/cmake --build /home/daniel/Research/Workspaces/game_theoretic_painting/build/coverage_contest -- -j20 -l20
