[0.061s] Invoking command in '/home/daniel/Research/Workspaces/game_theoretic_painting/build/coverage_contest': CMAKE_PREFIX_PATH=${CMAKE_PREFIX_PATH}:/home/daniel/Research/Workspaces/turtlebot3/install/turtlebot3_teleop:/home/daniel/Research/Workspaces/turtlebot3/install/turtlebot3_example:/opt/ros/humble /usr/bin/cmake --build /home/daniel/Research/Workspaces/game_theoretic_painting/build/coverage_contest -- -j20 -l20
[0.077s] -- Found ament_cmake: 1.3.6 (/opt/ros/humble/share/ament_cmake/cmake)
[0.158s] -- Found rclcpp: 16.0.7 (/opt/ros/humble/share/rclcpp/cmake)
[0.175s] -- Found rosidl_generator_c: 3.1.5 (/opt/ros/humble/share/rosidl_generator_c/cmake)
[0.176s] -- Found rosidl_adapter: 3.1.5 (/opt/ros/humble/share/rosidl_adapter/cmake)
[0.180s] -- Found rosidl_generator_cpp: 3.1.5 (/opt/ros/humble/share/rosidl_generator_cpp/cmake)
[0.186s] -- Using all available rosidl_typesupport_c: rosidl_typesupport_fastrtps_c;rosidl_typesupport_introspection_c
[0.194s] -- Using all available rosidl_typesupport_cpp: rosidl_typesupport_fastrtps_cpp;rosidl_typesupport_introspection_cpp
[0.226s] -- Found rmw_implementation_cmake: 6.1.1 (/opt/ros/humble/share/rmw_implementation_cmake/cmake)
[0.226s] -- Found rmw_fastrtps_cpp: 6.2.5 (/opt/ros/humble/share/rmw_fastrtps_cpp/cmake)
[0.295s] -- Using RMW implementation 'rmw_fastrtps_cpp' as default
[0.379s] -- Found geometry_msgs: 4.2.3 (/opt/ros/humble/share/geometry_msgs/cmake)
[0.403s] -- Found sensor_msgs: 4.2.3 (/opt/ros/humble/share/sensor_msgs/cmake)
[0.450s] -- Found pcl_ros: 2.4.0 (/opt/ros/humble/share/pcl_ros/cmake)
[0.596s] -- Found eigen3_cmake_module: 0.1.1 (/opt/ros/humble/share/eigen3_cmake_module/cmake)
[0.597s] -- Ensuring Eigen3 include directory is part of orocos-kdl CMake target
[0.805s] -- Eigen found (include: /usr/include/eigen3, version: 3.4.0)
[0.823s] -- FLANN found (include: /usr/include, lib: /usr/lib/x86_64-linux-gnu/libflann_cpp.so)
[0.996s] -- OpenNI found (version: 1.5.4.0, include: /usr/include/ni, lib: /usr/lib/libOpenNI.so;libusb::libusb)
[1.000s] -- OpenNI2 found (version: 2.2.0.33, include: /usr/include/openni2, lib: /usr/lib/x86_64-linux-gnu/libOpenNI2.so;libusb::libusb)
[1.091s] -- Eigen found (include: /usr/include/eigen3, version: 3.4.0)
[1.095s] -- OpenNI found (version: 1.5.4.0, include: /usr/include/ni, lib: /usr/lib/libOpenNI.so;libusb::libusb)
[1.098s] -- OpenNI2 found (version: 2.2.0.33, include: /usr/include/openni2, lib: /usr/lib/x86_64-linux-gnu/libOpenNI2.so;libusb::libusb)
[1.183s] -- Found Qhull version 8.0.2
[1.272s] -- OpenNI found (version: 1.5.4.0, include: /usr/include/ni, lib: /usr/lib/libOpenNI.so;libusb::libusb)
[1.385s] -- Found std_srvs: 4.2.3 (/opt/ros/humble/share/std_srvs/cmake)
[1.397s] -- Found rosidl_default_generators: 1.2.0 (/opt/ros/humble/share/rosidl_default_generators/cmake)
[1.402s] -- Found ament_lint_auto: 0.12.9 (/opt/ros/humble/share/ament_lint_auto/cmake)
[1.443s] -- Added test 'cppcheck' to perform static code analysis on C / C++ code
[1.443s] -- Configured cppcheck include dirs: /home/daniel/Research/Workspaces/game_theoretic_painting/src/coverage_contest/include
[1.443s] -- Configured cppcheck exclude dirs and/or files: 
[1.443s] -- Added test 'lint_cmake' to check CMake code style
[1.444s] -- Added test 'uncrustify' to check C / C++ code style
[1.444s] -- Configured uncrustify additional arguments: 
[1.444s] -- Added test 'xmllint' to check XML markup files
[1.444s] -- Configuring done
[1.451s] -- Generating done
[1.453s] -- Build files have been written to: /home/daniel/Research/Workspaces/game_theoretic_painting/build/coverage_contest
[1.473s] [35m[1mConsolidate compiler generated dependencies of target play_game[0m
[1.483s] [ 50%] [32mBuilding CXX object CMakeFiles/play_game.dir/src/play_game.cpp.o[0m
[2.702s] In file included from [01m[K/home/daniel/Research/Workspaces/game_theoretic_painting/src/coverage_contest/src/play_game.cpp:1[m[K:
[2.702s] [01m[K/home/daniel/Research/Workspaces/game_theoretic_painting/src/coverage_contest/include/coverage_contest/play_game.h:29:51:[m[K [01;31m[Kerror: [m[K‘[01m[Kstd_srvs[m[K’ is not a member of ‘[01m[Kstd[m[K’; did you mean ‘[01m[Kstd_srvs[m[K’?
[2.702s]    29 |     void clearGameVisualizer(std::shared_ptr<std::[01;31m[Kstd_srvs[m[K::Trigger::Request> /*request*/, std::shared_ptr<std::srvs::srv::Trigger::Response> response);
[2.702s]       |                                                   [01;31m[K^~~~~~~~[m[K
[2.702s] In file included from [01m[K/opt/ros/humble/include/std_srvs/std_srvs/srv/trigger.hpp:7[m[K,
[2.702s]                  from [01m[K/home/daniel/Research/Workspaces/game_theoretic_painting/src/coverage_contest/include/coverage_contest/play_game.h:12[m[K,
[2.702s]                  from [01m[K/home/daniel/Research/Workspaces/game_theoretic_painting/src/coverage_contest/src/play_game.cpp:1[m[K:
[2.703s] [01m[K/opt/ros/humble/include/std_srvs/std_srvs/srv/detail/trigger__struct.hpp:24:11:[m[K [01;36m[Knote: [m[K‘[01m[Kstd_srvs[m[K’ declared here
[2.703s]    24 | namespace [01;36m[Kstd_srvs[m[K
[2.703s]       |           [01;36m[K^~~~~~~~[m[K
[2.703s] In file included from [01m[K/home/daniel/Research/Workspaces/game_theoretic_painting/src/coverage_contest/src/play_game.cpp:1[m[K:
[2.703s] [01m[K/home/daniel/Research/Workspaces/game_theoretic_painting/src/coverage_contest/include/coverage_contest/play_game.h:29:77:[m[K [01;31m[Kerror: [m[Ktemplate argument 1 is invalid
[2.703s]    29 |     void clearGameVisualizer(std::shared_ptr<std::std_srvs::Trigger::Request[01;31m[K>[m[K /*request*/, std::shared_ptr<std::srvs::srv::Trigger::Response> response);
[2.703s]       |                                                                             [01;31m[K^[m[K
[2.703s] [01m[K/home/daniel/Research/Workspaces/game_theoretic_painting/src/coverage_contest/include/coverage_contest/play_game.h:29:51:[m[K [01;31m[Kerror: [m[K‘[01m[Kstd_srvs[m[K’ is not a member of ‘[01m[Kstd[m[K’; did you mean ‘[01m[Kstd_srvs[m[K’?
[2.703s]    29 |     void clearGameVisualizer(std::shared_ptr<std::[01;31m[Kstd_srvs[m[K::Trigger::Request> /*request*/, std::shared_ptr<std::srvs::srv::Trigger::Response> response);
[2.703s]       |                                                   [01;31m[K^~~~~~~~[m[K
[2.703s] In file included from [01m[K/opt/ros/humble/include/std_srvs/std_srvs/srv/trigger.hpp:7[m[K,
[2.703s]                  from [01m[K/home/daniel/Research/Workspaces/game_theoretic_painting/src/coverage_contest/include/coverage_contest/play_game.h:12[m[K,
[2.703s]                  from [01m[K/home/daniel/Research/Workspaces/game_theoretic_painting/src/coverage_contest/src/play_game.cpp:1[m[K:
[2.703s] [01m[K/opt/ros/humble/include/std_srvs/std_srvs/srv/detail/trigger__struct.hpp:24:11:[m[K [01;36m[Knote: [m[K‘[01m[Kstd_srvs[m[K’ declared here
[2.703s]    24 | namespace [01;36m[Kstd_srvs[m[K
[2.703s]       |           [01;36m[K^~~~~~~~[m[K
[2.703s] In file included from [01m[K/home/daniel/Research/Workspaces/game_theoretic_painting/src/coverage_contest/src/play_game.cpp:1[m[K:
[2.703s] [01m[K/home/daniel/Research/Workspaces/game_theoretic_painting/src/coverage_contest/include/coverage_contest/play_game.h:29:77:[m[K [01;31m[Kerror: [m[Ktemplate argument 1 is invalid
[2.703s]    29 |     void clearGameVisualizer(std::shared_ptr<std::std_srvs::Trigger::Request[01;31m[K>[m[K /*request*/, std::shared_ptr<std::srvs::srv::Trigger::Response> response);
[2.703s]       |                                                                             [01;31m[K^[m[K
[2.704s] [01m[K/home/daniel/Research/Workspaces/game_theoretic_painting/src/coverage_contest/include/coverage_contest/play_game.h:29:51:[m[K [01;31m[Kerror: [m[K‘[01m[Kstd_srvs[m[K’ is not a member of ‘[01m[Kstd[m[K’; did you mean ‘[01m[Kstd_srvs[m[K’?
[2.704s]    29 |     void clearGameVisualizer(std::shared_ptr<std::[01;31m[Kstd_srvs[m[K::Trigger::Request> /*request*/, std::shared_ptr<std::srvs::srv::Trigger::Response> response);
[2.704s]       |                                                   [01;31m[K^~~~~~~~[m[K
[2.704s] In file included from [01m[K/opt/ros/humble/include/std_srvs/std_srvs/srv/trigger.hpp:7[m[K,
[2.704s]                  from [01m[K/home/daniel/Research/Workspaces/game_theoretic_painting/src/coverage_contest/include/coverage_contest/play_game.h:12[m[K,
[2.704s]                  from [01m[K/home/daniel/Research/Workspaces/game_theoretic_painting/src/coverage_contest/src/play_game.cpp:1[m[K:
[2.704s] [01m[K/opt/ros/humble/include/std_srvs/std_srvs/srv/detail/trigger__struct.hpp:24:11:[m[K [01;36m[Knote: [m[K‘[01m[Kstd_srvs[m[K’ declared here
[2.704s]    24 | namespace [01;36m[Kstd_srvs[m[K
[2.704s]       |           [01;36m[K^~~~~~~~[m[K
[2.704s] In file included from [01m[K/home/daniel/Research/Workspaces/game_theoretic_painting/src/coverage_contest/src/play_game.cpp:1[m[K:
[2.704s] [01m[K/home/daniel/Research/Workspaces/game_theoretic_painting/src/coverage_contest/include/coverage_contest/play_game.h:29:77:[m[K [01;31m[Kerror: [m[Ktemplate argument 1 is invalid
[2.704s]    29 |     void clearGameVisualizer(std::shared_ptr<std::std_srvs::Trigger::Request[01;31m[K>[m[K /*request*/, std::shared_ptr<std::srvs::srv::Trigger::Response> response);
[2.704s]       |                                                                             [01;31m[K^[m[K
[2.704s] [01m[K/home/daniel/Research/Workspaces/game_theoretic_painting/src/coverage_contest/include/coverage_contest/play_game.h:29:30:[m[K [01;31m[Kerror: [m[Kinvalid template-id
[2.704s]    29 |     void clearGameVisualizer([01;31m[Kstd[m[K::shared_ptr<std::std_srvs::Trigger::Request> /*request*/, std::shared_ptr<std::srvs::srv::Trigger::Response> response);
[2.704s]       |                              [01;31m[K^~~[m[K
[2.704s] [01m[K/home/daniel/Research/Workspaces/game_theoretic_painting/src/coverage_contest/include/coverage_contest/play_game.h:29:51:[m[K [01;31m[Kerror: [m[K‘[01m[Kstd::std_srvs[m[K’ has not been declared
[2.704s]    29 |     void clearGameVisualizer(std::shared_ptr<std::[01;31m[Kstd_srvs[m[K::Trigger::Request> /*request*/, std::shared_ptr<std::srvs::srv::Trigger::Response> response);
[2.704s]       |                                                   [01;31m[K^~~~~~~~[m[K
[2.704s] [01m[K/home/daniel/Research/Workspaces/game_theoretic_painting/src/coverage_contest/include/coverage_contest/play_game.h:29:30:[m[K [01;31m[Kerror: [m[Kclass template placeholder ‘[01m[Kstd::shared_ptr[m[K’ not permitted in this context
[2.704s]    29 |     void clearGameVisualizer([01;31m[Kstd[m[K::shared_ptr<std::std_srvs::Trigger::Request> /*request*/, std::shared_ptr<std::srvs::srv::Trigger::Response> response);
[2.704s]       |                              [01;31m[K^~~[m[K
[2.705s] [01m[K/home/daniel/Research/Workspaces/game_theoretic_painting/src/coverage_contest/include/coverage_contest/play_game.h:29:113:[m[K [01;31m[Kerror: [m[K‘[01m[Ksrvs[m[K’ is not a member of ‘[01m[Kstd[m[K’
[2.705s]    29 | r(std::shared_ptr<std::std_srvs::Trigger::Request> /*request*/, std::shared_ptr<std::[01;31m[Ksrvs[m[K::srv::Trigger::Response> response);
[2.705s]       |                                                                                      [01;31m[K^~~~[m[K
[2.705s] 
[2.705s] In file included from [01m[K/home/daniel/Research/Workspaces/game_theoretic_painting/src/coverage_contest/src/play_game.cpp:1[m[K:
[2.705s] [01m[K/home/daniel/Research/Workspaces/game_theoretic_painting/src/coverage_contest/include/coverage_contest/play_game.h:29:141:[m[K [01;31m[Kerror: [m[Ktemplate argument 1 is invalid
[2.705s]    29 | rvs::Trigger::Request> /*request*/, std::shared_ptr<std::srvs::srv::Trigger::Response[01;31m[K>[m[K response);
[2.705s]       |                                                                                      [01;31m[K^[m[K
[2.705s] 
[2.705s] In file included from [01m[K/home/daniel/Research/Workspaces/game_theoretic_painting/src/coverage_contest/src/play_game.cpp:1[m[K:
[2.705s] [01m[K/home/daniel/Research/Workspaces/game_theoretic_painting/src/coverage_contest/include/coverage_contest/play_game.h:29:113:[m[K [01;31m[Kerror: [m[K‘[01m[Ksrvs[m[K’ is not a member of ‘[01m[Kstd[m[K’
[2.705s]    29 | r(std::shared_ptr<std::std_srvs::Trigger::Request> /*request*/, std::shared_ptr<std::[01;31m[Ksrvs[m[K::srv::Trigger::Response> response);
[2.705s]       |                                                                                      [01;31m[K^~~~[m[K
[2.705s] 
[2.705s] In file included from [01m[K/home/daniel/Research/Workspaces/game_theoretic_painting/src/coverage_contest/src/play_game.cpp:1[m[K:
[2.705s] [01m[K/home/daniel/Research/Workspaces/game_theoretic_painting/src/coverage_contest/include/coverage_contest/play_game.h:29:141:[m[K [01;31m[Kerror: [m[Ktemplate argument 1 is invalid
[2.705s]    29 | rvs::Trigger::Request> /*request*/, std::shared_ptr<std::srvs::srv::Trigger::Response[01;31m[K>[m[K response);
[2.705s]       |                                                                                      [01;31m[K^[m[K
[2.705s] 
[2.705s] In file included from [01m[K/home/daniel/Research/Workspaces/game_theoretic_painting/src/coverage_contest/src/play_game.cpp:1[m[K:
[2.705s] [01m[K/home/daniel/Research/Workspaces/game_theoretic_painting/src/coverage_contest/include/coverage_contest/play_game.h:29:113:[m[K [01;31m[Kerror: [m[K‘[01m[Ksrvs[m[K’ is not a member of ‘[01m[Kstd[m[K’
[2.706s]    29 | r(std::shared_ptr<std::std_srvs::Trigger::Request> /*request*/, std::shared_ptr<std::[01;31m[Ksrvs[m[K::srv::Trigger::Response> response);
[2.706s]       |                                                                                      [01;31m[K^~~~[m[K
[2.706s] 
[2.706s] In file included from [01m[K/home/daniel/Research/Workspaces/game_theoretic_painting/src/coverage_contest/src/play_game.cpp:1[m[K:
[2.706s] [01m[K/home/daniel/Research/Workspaces/game_theoretic_painting/src/coverage_contest/include/coverage_contest/play_game.h:29:141:[m[K [01;31m[Kerror: [m[Ktemplate argument 1 is invalid
[2.706s]    29 | rvs::Trigger::Request> /*request*/, std::shared_ptr<std::srvs::srv::Trigger::Response[01;31m[K>[m[K response);
[2.706s]       |                                                                                      [01;31m[K^[m[K
[2.706s] 
[2.706s] In file included from [01m[K/home/daniel/Research/Workspaces/game_theoretic_painting/src/coverage_contest/src/play_game.cpp:1[m[K:
[2.706s] [01m[K/home/daniel/Research/Workspaces/game_theoretic_painting/src/coverage_contest/include/coverage_contest/play_game.h:29:92:[m[K [01;31m[Kerror: [m[Kinvalid template-id
[2.706s]    29 | id clearGameVisualizer(std::shared_ptr<std::std_srvs::Trigger::Request> /*request*/, [01;31m[Kstd[m[K::shared_ptr<std::srvs::srv::Trigger::Response> response);
[2.706s]       |                                                                                      [01;31m[K^~~[m[K
[2.706s] 
[2.706s] [01m[K/home/daniel/Research/Workspaces/game_theoretic_painting/src/coverage_contest/include/coverage_contest/play_game.h:29:113:[m[K [01;31m[Kerror: [m[K‘[01m[Kstd::srvs[m[K’ has not been declared
[2.706s]    29 | r(std::shared_ptr<std::std_srvs::Trigger::Request> /*request*/, std::shared_ptr<std::[01;31m[Ksrvs[m[K::srv::Trigger::Response> response);
[2.706s]       |                                                                                      [01;31m[K^~~~[m[K
[2.706s] 
[2.706s] [01m[K/home/daniel/Research/Workspaces/game_theoretic_painting/src/coverage_contest/include/coverage_contest/play_game.h:29:92:[m[K [01;31m[Kerror: [m[Kclass template placeholder ‘[01m[Kstd::shared_ptr[m[K’ not permitted in this context
[2.706s]    29 | id clearGameVisualizer(std::shared_ptr<std::std_srvs::Trigger::Request> /*request*/, [01;31m[Kstd[m[K::shared_ptr<std::srvs::srv::Trigger::Response> response);
[2.706s]       |                                                                                      [01;31m[K^~~[m[K
[2.706s] 
[2.713s] [01m[K/home/daniel/Research/Workspaces/game_theoretic_painting/src/coverage_contest/src/play_game.cpp:[m[K In constructor ‘[01m[KGamePlayer::GamePlayer()[m[K’:
[2.713s] [01m[K/home/daniel/Research/Workspaces/game_theoretic_painting/src/coverage_contest/src/play_game.cpp:14:3:[m[K [01;31m[Kerror: [m[K‘[01m[Kclear_game_visualizer_service_[m[K’ was not declared in this scope
[2.713s]    14 |   [01;31m[Kclear_game_visualizer_service_[m[K = this->create_service<std_srvs::srv::Trigger>("~/clear_game_visualizer", std::bind(&GamePlayer::clearGameVisualizer, this, std::placeholders::_1, std::placeholders::_2));
[2.713s]       |   [01;31m[K^~~~~~~~~~~~~~~~~~~~~~~~~~~~~~[m[K
[2.725s] [01m[K/home/daniel/Research/Workspaces/game_theoretic_painting/src/coverage_contest/src/play_game.cpp:[m[K At global scope:
[2.725s] [01m[K/home/daniel/Research/Workspaces/game_theoretic_painting/src/coverage_contest/src/play_game.cpp:19:59:[m[K [01;31m[Kerror: [m[K‘[01m[Kstd_srvs[m[K’ is not a member of ‘[01m[Kstd[m[K’; did you mean ‘[01m[Kstd_srvs[m[K’?
[2.725s]    19 | void GamePlayer::clearGameVisualizer(std::shared_ptr<std::[01;31m[Kstd_srvs[m[K::Trigger::Request> /*request*/, std::shared_ptr<std::srvs::srv::Trigger::Response> response) {
[2.725s]       |                                                           [01;31m[K^~~~~~~~[m[K
[2.725s] In file included from [01m[K/opt/ros/humble/include/std_srvs/std_srvs/srv/trigger.hpp:7[m[K,
[2.725s]                  from [01m[K/home/daniel/Research/Workspaces/game_theoretic_painting/src/coverage_contest/include/coverage_contest/play_game.h:12[m[K,
[2.725s]                  from [01m[K/home/daniel/Research/Workspaces/game_theoretic_painting/src/coverage_contest/src/play_game.cpp:1[m[K:
[2.725s] [01m[K/opt/ros/humble/include/std_srvs/std_srvs/srv/detail/trigger__struct.hpp:24:11:[m[K [01;36m[Knote: [m[K‘[01m[Kstd_srvs[m[K’ declared here
[2.725s]    24 | namespace [01;36m[Kstd_srvs[m[K
[2.725s]       |           [01;36m[K^~~~~~~~[m[K
[2.725s] [01m[K/home/daniel/Research/Workspaces/game_theoretic_painting/src/coverage_contest/src/play_game.cpp:19:85:[m[K [01;31m[Kerror: [m[Ktemplate argument 1 is invalid
[2.725s]    19 | void GamePlayer::clearGameVisualizer(std::shared_ptr<std::std_srvs::Trigger::Request[01;31m[K>[m[K /*request*/, std::shared_ptr<std::srvs::srv::Trigger::Response> response) {
[2.725s]       |                                                                                     [01;31m[K^[m[K
[2.726s] [01m[K/home/daniel/Research/Workspaces/game_theoretic_painting/src/coverage_contest/src/play_game.cpp:19:59:[m[K [01;31m[Kerror: [m[K‘[01m[Kstd_srvs[m[K’ is not a member of ‘[01m[Kstd[m[K’; did you mean ‘[01m[Kstd_srvs[m[K’?
[2.726s]    19 | void GamePlayer::clearGameVisualizer(std::shared_ptr<std::[01;31m[Kstd_srvs[m[K::Trigger::Request> /*request*/, std::shared_ptr<std::srvs::srv::Trigger::Response> response) {
[2.726s]       |                                                           [01;31m[K^~~~~~~~[m[K
[2.726s] In file included from [01m[K/opt/ros/humble/include/std_srvs/std_srvs/srv/trigger.hpp:7[m[K,
[2.726s]                  from [01m[K/home/daniel/Research/Workspaces/game_theoretic_painting/src/coverage_contest/include/coverage_contest/play_game.h:12[m[K,
[2.726s]                  from [01m[K/home/daniel/Research/Workspaces/game_theoretic_painting/src/coverage_contest/src/play_game.cpp:1[m[K:
[2.726s] [01m[K/opt/ros/humble/include/std_srvs/std_srvs/srv/detail/trigger__struct.hpp:24:11:[m[K [01;36m[Knote: [m[K‘[01m[Kstd_srvs[m[K’ declared here
[2.726s]    24 | namespace [01;36m[Kstd_srvs[m[K
[2.726s]       |           [01;36m[K^~~~~~~~[m[K
[2.726s] [01m[K/home/daniel/Research/Workspaces/game_theoretic_painting/src/coverage_contest/src/play_game.cpp:19:85:[m[K [01;31m[Kerror: [m[Ktemplate argument 1 is invalid
[2.726s]    19 | void GamePlayer::clearGameVisualizer(std::shared_ptr<std::std_srvs::Trigger::Request[01;31m[K>[m[K /*request*/, std::shared_ptr<std::srvs::srv::Trigger::Response> response) {
[2.726s]       |                                                                                     [01;31m[K^[m[K
[2.727s] [01m[K/home/daniel/Research/Workspaces/game_theoretic_painting/src/coverage_contest/src/play_game.cpp:19:59:[m[K [01;31m[Kerror: [m[K‘[01m[Kstd_srvs[m[K’ is not a member of ‘[01m[Kstd[m[K’; did you mean ‘[01m[Kstd_srvs[m[K’?
[2.727s]    19 | void GamePlayer::clearGameVisualizer(std::shared_ptr<std::[01;31m[Kstd_srvs[m[K::Trigger::Request> /*request*/, std::shared_ptr<std::srvs::srv::Trigger::Response> response) {
[2.727s]       |                                                           [01;31m[K^~~~~~~~[m[K
[2.727s] In file included from [01m[K/opt/ros/humble/include/std_srvs/std_srvs/srv/trigger.hpp:7[m[K,
[2.727s]                  from [01m[K/home/daniel/Research/Workspaces/game_theoretic_painting/src/coverage_contest/include/coverage_contest/play_game.h:12[m[K,
[2.727s]                  from [01m[K/home/daniel/Research/Workspaces/game_theoretic_painting/src/coverage_contest/src/play_game.cpp:1[m[K:
[2.727s] [01m[K/opt/ros/humble/include/std_srvs/std_srvs/srv/detail/trigger__struct.hpp:24:11:[m[K [01;36m[Knote: [m[K‘[01m[Kstd_srvs[m[K’ declared here
[2.727s]    24 | namespace [01;36m[Kstd_srvs[m[K
[2.727s]       |           [01;36m[K^~~~~~~~[m[K
[2.727s] [01m[K/home/daniel/Research/Workspaces/game_theoretic_painting/src/coverage_contest/src/play_game.cpp:19:85:[m[K [01;31m[Kerror: [m[Ktemplate argument 1 is invalid
[2.727s]    19 | void GamePlayer::clearGameVisualizer(std::shared_ptr<std::std_srvs::Trigger::Request[01;31m[K>[m[K /*request*/, std::shared_ptr<std::srvs::srv::Trigger::Response> response) {
[2.727s]       |                                                                                     [01;31m[K^[m[K
[2.727s] [01m[K/home/daniel/Research/Workspaces/game_theoretic_painting/src/coverage_contest/src/play_game.cpp:19:38:[m[K [01;31m[Kerror: [m[Kinvalid template-id
[2.727s]    19 | void GamePlayer::clearGameVisualizer([01;31m[Kstd[m[K::shared_ptr<std::std_srvs::Trigger::Request> /*request*/, std::shared_ptr<std::srvs::srv::Trigger::Response> response) {
[2.727s]       |                                      [01;31m[K^~~[m[K
[2.727s] [01m[K/home/daniel/Research/Workspaces/game_theoretic_painting/src/coverage_contest/src/play_game.cpp:19:59:[m[K [01;31m[Kerror: [m[K‘[01m[Kstd_srvs[m[K’ is not a member of ‘[01m[Kstd[m[K’; did you mean ‘[01m[Kstd_srvs[m[K’?
[2.727s]    19 | void GamePlayer::clearGameVisualizer(std::shared_ptr<std::[01;31m[Kstd_srvs[m[K::Trigger::Request> /*request*/, std::shared_ptr<std::srvs::srv::Trigger::Response> response) {
[2.727s]       |                                                           [01;31m[K^~~~~~~~[m[K
[2.727s] In file included from [01m[K/opt/ros/humble/include/std_srvs/std_srvs/srv/trigger.hpp:7[m[K,
[2.727s]                  from [01m[K/home/daniel/Research/Workspaces/game_theoretic_painting/src/coverage_contest/include/coverage_contest/play_game.h:12[m[K,
[2.727s]                  from [01m[K/home/daniel/Research/Workspaces/game_theoretic_painting/src/coverage_contest/src/play_game.cpp:1[m[K:
[2.727s] [01m[K/opt/ros/humble/include/std_srvs/std_srvs/srv/detail/trigger__struct.hpp:24:11:[m[K [01;36m[Knote: [m[K‘[01m[Kstd_srvs[m[K’ declared here
[2.727s]    24 | namespace [01;36m[Kstd_srvs[m[K
[2.727s]       |           [01;36m[K^~~~~~~~[m[K
[2.727s] [01m[K/home/daniel/Research/Workspaces/game_theoretic_painting/src/coverage_contest/src/play_game.cpp:19:6:[m[K [01;31m[Kerror: [m[Kvariable or field ‘[01m[KclearGameVisualizer[m[K’ declared void
[2.728s]    19 | void [01;31m[KGamePlayer[m[K::clearGameVisualizer(std::shared_ptr<std::std_srvs::Trigger::Request> /*request*/, std::shared_ptr<std::srvs::srv::Trigger::Response> response) {
[2.728s]       |      [01;31m[K^~~~~~~~~~[m[K
[2.728s] [01m[K/home/daniel/Research/Workspaces/game_theoretic_painting/src/coverage_contest/src/play_game.cpp:19:98:[m[K [01;31m[Kerror: [m[Kmissing template arguments before ‘[01m[K,[m[K’ token
[2.728s]    19 | yer::clearGameVisualizer(std::shared_ptr<std::std_srvs::Trigger::Request> /*request*/[01;31m[K,[m[K std::shared_ptr<std::srvs::srv::Trigger::Response> response) {
[2.728s]       |                                                                                      [01;31m[K^[m[K
[2.728s] 
[2.728s] [01m[K/home/daniel/Research/Workspaces/game_theoretic_painting/src/coverage_contest/src/play_game.cpp:19:121:[m[K [01;31m[Kerror: [m[K‘[01m[Ksrvs[m[K’ is not a member of ‘[01m[Kstd[m[K’
[2.728s]    19 | r(std::shared_ptr<std::std_srvs::Trigger::Request> /*request*/, std::shared_ptr<std::[01;31m[Ksrvs[m[K::srv::Trigger::Response> response) {
[2.728s]       |                                                                                      [01;31m[K^~~~[m[K
[2.728s] 
[2.728s] [01m[K/home/daniel/Research/Workspaces/game_theoretic_painting/src/coverage_contest/src/play_game.cpp:19:149:[m[K [01;31m[Kerror: [m[Ktemplate argument 1 is invalid
[2.728s]    19 | rvs::Trigger::Request> /*request*/, std::shared_ptr<std::srvs::srv::Trigger::Response[01;31m[K>[m[K response) {
[2.728s]       |                                                                                      [01;31m[K^[m[K
[2.728s] 
[2.864s] In file included from [01m[K/opt/ros/humble/include/rclcpp/rclcpp/client.hpp:39[m[K,
[2.864s]                  from [01m[K/opt/ros/humble/include/rclcpp/rclcpp/callback_group.hpp:24[m[K,
[2.864s]                  from [01m[K/opt/ros/humble/include/rclcpp/rclcpp/any_executable.hpp:20[m[K,
[2.864s]                  from [01m[K/opt/ros/humble/include/rclcpp/rclcpp/memory_strategy.hpp:25[m[K,
[2.864s]                  from [01m[K/opt/ros/humble/include/rclcpp/rclcpp/memory_strategies.hpp:18[m[K,
[2.864s]                  from [01m[K/opt/ros/humble/include/rclcpp/rclcpp/executor_options.hpp:20[m[K,
[2.864s]                  from [01m[K/opt/ros/humble/include/rclcpp/rclcpp/executor.hpp:37[m[K,
[2.864s]                  from [01m[K/opt/ros/humble/include/rclcpp/rclcpp/executors/multi_threaded_executor.hpp:25[m[K,
[2.864s]                  from [01m[K/opt/ros/humble/include/rclcpp/rclcpp/executors.hpp:21[m[K,
[2.864s]                  from [01m[K/opt/ros/humble/include/rclcpp/rclcpp/rclcpp.hpp:155[m[K,
[2.864s]                  from [01m[K/home/daniel/Research/Workspaces/game_theoretic_painting/src/coverage_contest/include/coverage_contest/play_game.h:10[m[K,
[2.864s]                  from [01m[K/home/daniel/Research/Workspaces/game_theoretic_painting/src/coverage_contest/src/play_game.cpp:1[m[K:
[2.864s] /opt/ros/humble/include/rclcpp/rclcpp/function_traits.hpp: In instantiation of ‘[01m[Kstruct rclcpp::function_traits::function_traits<std::_Bind<void (GamePlayer::*(GamePlayer*, std::_Placeholder<1>, std::_Placeholder<2>))(...)> >[m[K’:
[2.864s] [01m[K/opt/ros/humble/include/rclcpp/rclcpp/function_traits.hpp:165:8:[m[K   required from ‘[01m[Kstruct rclcpp::function_traits::same_arguments<std::_Bind<void (GamePlayer::*(GamePlayer*, std::_Placeholder<1>, std::_Placeholder<2>))(...)>, std::function<void(std::shared_ptr<std_srvs::srv::Trigger_Request_<std::allocator<void> > >, std::shared_ptr<std_srvs::srv::Trigger_Response_<std::allocator<void> > >)> >[m[K’
[2.864s] [01m[K/opt/ros/humble/include/rclcpp/rclcpp/any_service_callback.hpp:76:10:[m[K   required from ‘[01m[Kvoid rclcpp::AnyServiceCallback<ServiceT>::set(CallbackT&&) [with CallbackT = std::_Bind<void (GamePlayer::*(GamePlayer*, std::_Placeholder<1>, std::_Placeholder<2>))(...)>; typename std::enable_if<(! rclcpp::detail::can_be_nullptr<CallbackT>::value), int>::type <anonymous> = 0; ServiceT = std_srvs::srv::Trigger][m[K’
[2.864s] [01m[K/opt/ros/humble/include/rclcpp/rclcpp/create_service.hpp:43:27:[m[K   required from ‘[01m[Ktypename rclcpp::Service<ServiceT>::SharedPtr rclcpp::create_service(std::shared_ptr<rclcpp::node_interfaces::NodeBaseInterface>, std::shared_ptr<rclcpp::node_interfaces::NodeServicesInterface>, const string&, CallbackT&&, const rmw_qos_profile_t&, rclcpp::CallbackGroup::SharedPtr) [with ServiceT = std_srvs::srv::Trigger; CallbackT = std::_Bind<void (GamePlayer::*(GamePlayer*, std::_Placeholder<1>, std::_Placeholder<2>))(...)>; typename rclcpp::Service<ServiceT>::SharedPtr = std::shared_ptr<rclcpp::Service<std_srvs::srv::Trigger> >; std::string = std::__cxx11::basic_string<char>; rmw_qos_profile_t = rmw_qos_profile_s; rclcpp::CallbackGroup::SharedPtr = std::shared_ptr<rclcpp::CallbackGroup>][m[K’
[2.865s] [01m[K/opt/ros/humble/include/rclcpp/rclcpp/node_impl.hpp:147:53:[m[K   required from ‘[01m[Ktypename rclcpp::Service<ServiceT>::SharedPtr rclcpp::Node::create_service(const string&, CallbackT&&, const rmw_qos_profile_t&, rclcpp::CallbackGroup::SharedPtr) [with ServiceT = std_srvs::srv::Trigger; CallbackT = std::_Bind<void (GamePlayer::*(GamePlayer*, std::_Placeholder<1>, std::_Placeholder<2>))(...)>; typename rclcpp::Service<ServiceT>::SharedPtr = std::shared_ptr<rclcpp::Service<std_srvs::srv::Trigger> >; std::string = std::__cxx11::basic_string<char>; rmw_qos_profile_t = rmw_qos_profile_s; rclcpp::CallbackGroup::SharedPtr = std::shared_ptr<rclcpp::CallbackGroup>][m[K’
[2.865s] [01m[K/home/daniel/Research/Workspaces/game_theoretic_painting/src/coverage_contest/src/play_game.cpp:14:80:[m[K   required from here
[2.865s] [01m[K/opt/ros/humble/include/rclcpp/rclcpp/function_traits.hpp:51:9:[m[K [01;31m[Kerror: [m[K‘[01m[Kdecltype[m[K’ cannot resolve address of overloaded function
[2.865s]    51 |   using [01;31m[Karguments[m[K = typename tuple_tail<
[2.865s]       |         [01;31m[K^~~~~~~~~[m[K
[2.865s] [01m[K/opt/ros/humble/include/rclcpp/rclcpp/function_traits.hpp:57:9:[m[K [01;31m[Kerror: [m[K‘[01m[Kdecltype[m[K’ cannot resolve address of overloaded function
[2.865s]    57 |   using [01;31m[Kargument_type[m[K = typename std::tuple_element<N, arguments>::type;
[2.865s]       |         [01;31m[K^~~~~~~~~~~~~[m[K
[2.865s] [01m[K/opt/ros/humble/include/rclcpp/rclcpp/function_traits.hpp:59:9:[m[K [01;31m[Kerror: [m[K‘[01m[Kdecltype[m[K’ cannot resolve address of overloaded function
[2.865s]    59 |   using [01;31m[Kreturn_type[m[K = typename function_traits<decltype( &FunctionT::operator())>::return_type;
[2.865s]       |         [01;31m[K^~~~~~~~~~~[m[K
[2.865s] In file included from [01m[K/opt/ros/humble/include/rclcpp/rclcpp/service.hpp:36[m[K,
[2.865s]                  from [01m[K/opt/ros/humble/include/rclcpp/rclcpp/callback_group.hpp:28[m[K,
[2.865s]                  from [01m[K/opt/ros/humble/include/rclcpp/rclcpp/any_executable.hpp:20[m[K,
[2.865s]                  from [01m[K/opt/ros/humble/include/rclcpp/rclcpp/memory_strategy.hpp:25[m[K,
[2.865s]                  from [01m[K/opt/ros/humble/include/rclcpp/rclcpp/memory_strategies.hpp:18[m[K,
[2.865s]                  from [01m[K/opt/ros/humble/include/rclcpp/rclcpp/executor_options.hpp:20[m[K,
[2.865s]                  from [01m[K/opt/ros/humble/include/rclcpp/rclcpp/executor.hpp:37[m[K,
[2.865s]                  from [01m[K/opt/ros/humble/include/rclcpp/rclcpp/executors/multi_threaded_executor.hpp:25[m[K,
[2.865s]                  from [01m[K/opt/ros/humble/include/rclcpp/rclcpp/executors.hpp:21[m[K,
[2.865s]                  from [01m[K/opt/ros/humble/include/rclcpp/rclcpp/rclcpp.hpp:155[m[K,
[2.865s]                  from [01m[K/home/daniel/Research/Workspaces/game_theoretic_painting/src/coverage_contest/include/coverage_contest/play_game.h:10[m[K,
[2.865s]                  from [01m[K/home/daniel/Research/Workspaces/game_theoretic_painting/src/coverage_contest/src/play_game.cpp:1[m[K:
[2.865s] /opt/ros/humble/include/rclcpp/rclcpp/any_service_callback.hpp: In instantiation of ‘[01m[Kvoid rclcpp::AnyServiceCallback<ServiceT>::set(CallbackT&&) [with CallbackT = std::_Bind<void (GamePlayer::*(GamePlayer*, std::_Placeholder<1>, std::_Placeholder<2>))(...)>; typename std::enable_if<(! rclcpp::detail::can_be_nullptr<CallbackT>::value), int>::type <anonymous> = 0; ServiceT = std_srvs::srv::Trigger][m[K’:
[2.865s] [01m[K/opt/ros/humble/include/rclcpp/rclcpp/create_service.hpp:43:27:[m[K   required from ‘[01m[Ktypename rclcpp::Service<ServiceT>::SharedPtr rclcpp::create_service(std::shared_ptr<rclcpp::node_interfaces::NodeBaseInterface>, std::shared_ptr<rclcpp::node_interfaces::NodeServicesInterface>, const string&, CallbackT&&, const rmw_qos_profile_t&, rclcpp::CallbackGroup::SharedPtr) [with ServiceT = std_srvs::srv::Trigger; CallbackT = std::_Bind<void (GamePlayer::*(GamePlayer*, std::_Placeholder<1>, std::_Placeholder<2>))(...)>; typename rclcpp::Service<ServiceT>::SharedPtr = std::shared_ptr<rclcpp::Service<std_srvs::srv::Trigger> >; std::string = std::__cxx11::basic_string<char>; rmw_qos_profile_t = rmw_qos_profile_s; rclcpp::CallbackGroup::SharedPtr = std::shared_ptr<rclcpp::CallbackGroup>][m[K’
[2.865s] [01m[K/opt/ros/humble/include/rclcpp/rclcpp/node_impl.hpp:147:53:[m[K   required from ‘[01m[Ktypename rclcpp::Service<ServiceT>::SharedPtr rclcpp::Node::create_service(const string&, CallbackT&&, const rmw_qos_profile_t&, rclcpp::CallbackGroup::SharedPtr) [with ServiceT = std_srvs::srv::Trigger; CallbackT = std::_Bind<void (GamePlayer::*(GamePlayer*, std::_Placeholder<1>, std::_Placeholder<2>))(...)>; typename rclcpp::Service<ServiceT>::SharedPtr = std::shared_ptr<rclcpp::Service<std_srvs::srv::Trigger> >; std::string = std::__cxx11::basic_string<char>; rmw_qos_profile_t = rmw_qos_profile_s; rclcpp::CallbackGroup::SharedPtr = std::shared_ptr<rclcpp::CallbackGroup>][m[K’
[2.865s] [01m[K/home/daniel/Research/Workspaces/game_theoretic_painting/src/coverage_contest/src/play_game.cpp:14:80:[m[K   required from here
[2.865s] [01m[K/opt/ros/humble/include/rclcpp/rclcpp/any_service_callback.hpp:76:10:[m[K [01;31m[Kerror: [m[K‘[01m[Kvalue[m[K’ is not a member of ‘[01m[Krclcpp::function_traits::same_arguments<std::_Bind<void (GamePlayer::*(GamePlayer*, std::_Placeholder<1>, std::_Placeholder<2>))(...)>, std::function<void(std::shared_ptr<std_srvs::srv::Trigger_Request_<std::allocator<void> > >, std::shared_ptr<std_srvs::srv::Trigger_Response_<std::allocator<void> > >)> >[m[K’
[2.865s]    76 |       >::[01;31m[Kvalue[m[K)
[2.865s]       |          [01;31m[K^~~~~[m[K
[2.868s] [01m[K/opt/ros/humble/include/rclcpp/rclcpp/any_service_callback.hpp:83:10:[m[K [01;31m[Kerror: [m[K‘[01m[Kvalue[m[K’ is not a member of ‘[01m[Krclcpp::function_traits::same_arguments<std::_Bind<void (GamePlayer::*(GamePlayer*, std::_Placeholder<1>, std::_Placeholder<2>))(...)>, std::function<void(std::shared_ptr<rmw_request_id_s>, std::shared_ptr<std_srvs::srv::Trigger_Request_<std::allocator<void> > >, std::shared_ptr<std_srvs::srv::Trigger_Response_<std::allocator<void> > >)> >[m[K’
[2.868s]    83 |       >::[01;31m[Kvalue[m[K)
[2.868s]       |          [01;31m[K^~~~~[m[K
[2.869s] [01m[K/opt/ros/humble/include/rclcpp/rclcpp/any_service_callback.hpp:90:10:[m[K [01;31m[Kerror: [m[K‘[01m[Kvalue[m[K’ is not a member of ‘[01m[Krclcpp::function_traits::same_arguments<std::_Bind<void (GamePlayer::*(GamePlayer*, std::_Placeholder<1>, std::_Placeholder<2>))(...)>, std::function<void(std::shared_ptr<rmw_request_id_s>, std::shared_ptr<std_srvs::srv::Trigger_Request_<std::allocator<void> > >)> >[m[K’
[2.869s]    90 |       >::[01;31m[Kvalue[m[K)
[2.869s]       |          [01;31m[K^~~~~[m[K
[2.870s] [01m[K/opt/ros/humble/include/rclcpp/rclcpp/any_service_callback.hpp:97:10:[m[K [01;31m[Kerror: [m[K‘[01m[Kvalue[m[K’ is not a member of ‘[01m[Krclcpp::function_traits::same_arguments<std::_Bind<void (GamePlayer::*(GamePlayer*, std::_Placeholder<1>, std::_Placeholder<2>))(...)>, std::function<void(std::shared_ptr<rclcpp::Service<std_srvs::srv::Trigger> >, std::shared_ptr<rmw_request_id_s>, std::shared_ptr<std_srvs::srv::Trigger_Request_<std::allocator<void> > >)> >[m[K’
[2.870s]    97 |       >::[01;31m[Kvalue[m[K)
[2.870s]       |          [01;31m[K^~~~~[m[K
[2.882s] [01m[K/opt/ros/humble/include/rclcpp/rclcpp/any_service_callback.hpp:103:17:[m[K [01;31m[Kerror: [m[Kno match for ‘[01m[Koperator=[m[K’ (operand types are ‘[01m[Kstd::variant<std::monostate, std::function<void(std::shared_ptr<std_srvs::srv::Trigger_Request_<std::allocator<void> > >, std::shared_ptr<std_srvs::srv::Trigger_Response_<std::allocator<void> > >)>, std::function<void(std::shared_ptr<rmw_request_id_s>, std::shared_ptr<std_srvs::srv::Trigger_Request_<std::allocator<void> > >, std::shared_ptr<std_srvs::srv::Trigger_Response_<std::allocator<void> > >)>, std::function<void(std::shared_ptr<rmw_request_id_s>, std::shared_ptr<std_srvs::srv::Trigger_Request_<std::allocator<void> > >)>, std::function<void(std::shared_ptr<rclcpp::Service<std_srvs::srv::Trigger> >, std::shared_ptr<rmw_request_id_s>, std::shared_ptr<std_srvs::srv::Trigger_Request_<std::allocator<void> > >)> >[m[K’ and ‘[01m[Kstd::_Bind<void (GamePlayer::*(GamePlayer*, std::_Placeholder<1>, std::_Placeholder<2>))(...)>[m[K’)
[2.882s]   103 |       [01;31m[Kcallback_ = std::forward<CallbackT>(callback)[m[K;
[2.882s]       |       [01;31m[K~~~~~~~~~~^~~~~~~~~~~~~~~~~~~~~~~~~~~~~~~~~~~[m[K
[2.882s] In file included from [01m[K/opt/ros/humble/include/rclcpp/rclcpp/client.hpp:28[m[K,
[2.882s]                  from [01m[K/opt/ros/humble/include/rclcpp/rclcpp/callback_group.hpp:24[m[K,
[2.882s]                  from [01m[K/opt/ros/humble/include/rclcpp/rclcpp/any_executable.hpp:20[m[K,
[2.882s]                  from [01m[K/opt/ros/humble/include/rclcpp/rclcpp/memory_strategy.hpp:25[m[K,
[2.882s]                  from [01m[K/opt/ros/humble/include/rclcpp/rclcpp/memory_strategies.hpp:18[m[K,
[2.882s]                  from [01m[K/opt/ros/humble/include/rclcpp/rclcpp/executor_options.hpp:20[m[K,
[2.882s]                  from [01m[K/opt/ros/humble/include/rclcpp/rclcpp/executor.hpp:37[m[K,
[2.882s]                  from [01m[K/opt/ros/humble/include/rclcpp/rclcpp/executors/multi_threaded_executor.hpp:25[m[K,
[2.882s]                  from [01m[K/opt/ros/humble/include/rclcpp/rclcpp/executors.hpp:21[m[K,
[2.882s]                  from [01m[K/opt/ros/humble/include/rclcpp/rclcpp/rclcpp.hpp:155[m[K,
[2.882s]                  from [01m[K/home/daniel/Research/Workspaces/game_theoretic_painting/src/coverage_contest/include/coverage_contest/play_game.h:10[m[K,
[2.882s]                  from [01m[K/home/daniel/Research/Workspaces/game_theoretic_painting/src/coverage_contest/src/play_game.cpp:1[m[K:
[2.882s] [01m[K/usr/include/c++/11/variant:1461:9:[m[K [01;36m[Knote: [m[Kcandidate: ‘[01m[Ktemplate<class _Tp> std::enable_if_t<((__exactly_once<std::variant<_Types>::__accepted_type<_Tp&&, typename std::enable_if<__not_self<_Tp&&>, void>::type> > && is_constructible_v<std::variant<_Types>::__accepted_type<_Tp&&, typename std::enable_if<__not_self<_Tp&&>, void>::type>, _Tp>) && is_assignable_v<std::variant<_Types>::__accepted_type<_Tp&&, typename std::enable_if<__not_self<_Tp&&>, void>::type>&, _Tp>), std::variant<_Types>&> std::variant<_Types>::operator=(_Tp&&) [with _Tp = _Tp; _Types = {std::monostate, std::function<void(std::shared_ptr<std_srvs::srv::Trigger_Request_<std::allocator<void> > >, std::shared_ptr<std_srvs::srv::Trigger_Response_<std::allocator<void> > >)>, std::function<void(std::shared_ptr<rmw_request_id_s>, std::shared_ptr<std_srvs::srv::Trigger_Request_<std::allocator<void> > >, std::shared_ptr<std_srvs::srv::Trigger_Response_<std::allocator<void> > >)>, std::function<void(std::shared_ptr<rmw_request_id_s>, std::shared_ptr<std_srvs::srv::Trigger_Request_<std::allocator<void> > >)>, std::function<void(std::shared_ptr<rclcpp::Service<std_srvs::srv::Trigger> >, std::shared_ptr<rmw_request_id_s>, std::shared_ptr<std_srvs::srv::Trigger_Request_<std::allocator<void> > >)>}][m[K’
[2.882s]  1461 |         [01;36m[Koperator[m[K=(_Tp&& __rhs)
[2.882s]       |         [01;36m[K^~~~~~~~[m[K
[2.882s] [01m[K/usr/include/c++/11/variant:1461:9:[m[K [01;36m[Knote: [m[K  template argument deduction/substitution failed:
[2.882s] /usr/include/c++/11/variant: In substitution of ‘[01m[Ktemplate<class ... _Types> template<class _Tp, class> using __accepted_type = std::variant<_Types>::__to_type<__accepted_index<_Tp> > [with _Tp = std::_Bind<void (GamePlayer::*(GamePlayer*, std::_Placeholder<1>, std::_Placeholder<2>))(...)>&&; <template-parameter-2-2> = void; _Types = {std::monostate, std::function<void(std::shared_ptr<std_srvs::srv::Trigger_Request_<std::allocator<void> > >, std::shared_ptr<std_srvs::srv::Trigger_Response_<std::allocator<void> > >)>, std::function<void(std::shared_ptr<rmw_request_id_s>, std::shared_ptr<std_srvs::srv::Trigger_Request_<std::allocator<void> > >, std::shared_ptr<std_srvs::srv::Trigger_Response_<std::allocator<void> > >)>, std::function<void(std::shared_ptr<rmw_request_id_s>, std::shared_ptr<std_srvs::srv::Trigger_Request_<std::allocator<void> > >)>, std::function<void(std::shared_ptr<rclcpp::Service<std_srvs::srv::Trigger> >, std::shared_ptr<rmw_request_id_s>, std::shared_ptr<std_srvs::srv::Trigger_Request_<std::allocator<void> > >)>}][m[K’:
[2.882s] [01m[K/usr/include/c++/11/variant:1457:14:[m[K   required by substitution of ‘[01m[Ktemplate<class _Tp> std::enable_if_t<((__exactly_once<std::variant<std::monostate, std::function<void(std::shared_ptr<std_srvs::srv::Trigger_Request_<std::allocator<void> > >, std::shared_ptr<std_srvs::srv::Trigger_Response_<std::allocator<void> > >)>, std::function<void(std::shared_ptr<rmw_request_id_s>, std::shared_ptr<std_srvs::srv::Trigger_Request_<std::allocator<void> > >, std::shared_ptr<std_srvs::srv::Trigger_Response_<std::allocator<void> > >)>, std::function<void(std::shared_ptr<rmw_request_id_s>, std::shared_ptr<std_srvs::srv::Trigger_Request_<std::allocator<void> > >)>, std::function<void(std::shared_ptr<rclcpp::Service<std_srvs::srv::Trigger> >, std::shared_ptr<rmw_request_id_s>, std::shared_ptr<std_srvs::srv::Trigger_Request_<std::allocator<void> > >)> >::__accepted_type<_Tp&&, typename std::enable_if<__not_self<_Tp&&>, void>::type> > && is_constructible_v<std::variant<std::monostate, std::function<void(std::shared_ptr<std_srvs::srv::Trigger_Request_<std::allocator<void> > >, std::shared_ptr<std_srvs::srv::Trigger_Response_<std::allocator<void> > >)>, std::function<void(std::shared_ptr<rmw_request_id_s>, std::shared_ptr<std_srvs::srv::Trigger_Request_<std::allocator<void> > >, std::shared_ptr<std_srvs::srv::Trigger_Response_<std::allocator<void> > >)>, std::function<void(std::shared_ptr<rmw_request_id_s>, std::shared_ptr<std_srvs::srv::Trigger_Request_<std::allocator<void> > >)>, std::function<void(std::shared_ptr<rclcpp::Service<std_srvs::srv::Trigger> >, std::shared_ptr<rmw_request_id_s>, std::shared_ptr<std_srvs::srv::Trigger_Request_<std::allocator<void> > >)> >::__accepted_type<_Tp&&, typename std::enable_if<__not_self<_Tp&&>, void>::type>, _Tp>) && is_assignable_v<std::variant<std::monostate, std::function<void(std::shared_ptr<std_srvs::srv::Trigger_Request_<std::allocator<void> > >, std::shared_ptr<std_srvs::srv::Trigger_Response_<std::allocator<void> > >)>, std::function<void(std::shared_ptr<rmw_request_id_s>, std::shared_ptr<std_srvs::srv::Trigger_Request_<std::allocator<void> > >, std::shared_ptr<std_srvs::srv::Trigger_Response_<std::allocator<void> > >)>, std::function<void(std::shared_ptr<rmw_request_id_s>, std::shared_ptr<std_srvs::srv::Trigger_Request_<std::allocator<void> > >)>, std::function<void(std::shared_ptr<rclcpp::Service<std_srvs::srv::Trigger> >, std::shared_ptr<rmw_request_id_s>, std::shared_ptr<std_srvs::srv::Trigger_Request_<std::allocator<void> > >)> >::__accepted_type<_Tp&&, typename std::enable_if<__not_self<_Tp&&>, void>::type>&, _Tp>), std::variant<std::monostate, std::function<void(std::shared_ptr<std_srvs::srv::Trigger_Request_<std::allocator<void> > >, std::shared_ptr<std_srvs::srv::Trigger_Response_<std::allocator<void> > >)>, std::function<void(std::shared_ptr<rmw_request_id_s>, std::shared_ptr<std_srvs::srv::Trigger_Request_<std::allocator<void> > >, std::shared_ptr<std_srvs::srv::Trigger_Response_<std::allocator<void> > >)>, std::function<void(std::shared_ptr<rmw_request_id_s>, std::shared_ptr<std_srvs::srv::Trigger_Request_<std::allocator<void> > >)>, std::function<void(std::shared_ptr<rclcpp::Service<std_srvs::srv::Trigger> >, std::shared_ptr<rmw_request_id_s>, std::shared_ptr<std_srvs::srv::Trigger_Request_<std::allocator<void> > >)> >&> std::variant<std::monostate, std::function<void(std::shared_ptr<std_srvs::srv::Trigger_Request_<std::allocator<void> > >, std::shared_ptr<std_srvs::srv::Trigger_Response_<std::allocator<void> > >)>, std::function<void(std::shared_ptr<rmw_request_id_s>, std::shared_ptr<std_srvs::srv::Trigger_Request_<std::allocator<void> > >, std::shared_ptr<std_srvs::srv::Trigger_Response_<std::allocator<void> > >)>, std::function<void(std::shared_ptr<rmw_request_id_s>, std::shared_ptr<std_srvs::srv::Trigger_Request_<std::allocator<void> > >)>, std::function<void(std::shared_ptr<rclcpp::Service<std_srvs::srv::Trigger> >, std::shared_ptr<rmw_request_id_s>, std::shared_ptr<std_srvs::srv::Trigger_Request_<std::allocator<void> > >)> >::operator=<_Tp>(_Tp&&) [with _Tp = std::_Bind<void (GamePlayer::*(GamePlayer*, std::_Placeholder<1>, std::_Placeholder<2>))(...)>][m[K’
[2.882s] [01m[K/opt/ros/humble/include/rclcpp/rclcpp/any_service_callback.hpp:103:17:[m[K   required from ‘[01m[Kvoid rclcpp::AnyServiceCallback<ServiceT>::set(CallbackT&&) [with CallbackT = std::_Bind<void (GamePlayer::*(GamePlayer*, std::_Placeholder<1>, std::_Placeholder<2>))(...)>; typename std::enable_if<(! rclcpp::detail::can_be_nullptr<CallbackT>::value), int>::type <anonymous> = 0; ServiceT = std_srvs::srv::Trigger][m[K’
[2.882s] [01m[K/opt/ros/humble/include/rclcpp/rclcpp/create_service.hpp:43:27:[m[K   required from ‘[01m[Ktypename rclcpp::Service<ServiceT>::SharedPtr rclcpp::create_service(std::shared_ptr<rclcpp::node_interfaces::NodeBaseInterface>, std::shared_ptr<rclcpp::node_interfaces::NodeServicesInterface>, const string&, CallbackT&&, const rmw_qos_profile_t&, rclcpp::CallbackGroup::SharedPtr) [with ServiceT = std_srvs::srv::Trigger; CallbackT = std::_Bind<void (GamePlayer::*(GamePlayer*, std::_Placeholder<1>, std::_Placeholder<2>))(...)>; typename rclcpp::Service<ServiceT>::SharedPtr = std::shared_ptr<rclcpp::Service<std_srvs::srv::Trigger> >; std::string = std::__cxx11::basic_string<char>; rmw_qos_profile_t = rmw_qos_profile_s; rclcpp::CallbackGroup::SharedPtr = std::shared_ptr<rclcpp::CallbackGroup>][m[K’
[2.882s] [01m[K/opt/ros/humble/include/rclcpp/rclcpp/node_impl.hpp:147:53:[m[K   required from ‘[01m[Ktypename rclcpp::Service<ServiceT>::SharedPtr rclcpp::Node::create_service(const string&, CallbackT&&, const rmw_qos_profile_t&, rclcpp::CallbackGroup::SharedPtr) [with ServiceT = std_srvs::srv::Trigger; CallbackT = std::_Bind<void (GamePlayer::*(GamePlayer*, std::_Placeholder<1>, std::_Placeholder<2>))(...)>; typename rclcpp::Service<ServiceT>::SharedPtr = std::shared_ptr<rclcpp::Service<std_srvs::srv::Trigger> >; std::string = std::__cxx11::basic_string<char>; rmw_qos_profile_t = rmw_qos_profile_s; rclcpp::CallbackGroup::SharedPtr = std::shared_ptr<rclcpp::CallbackGroup>][m[K’
[2.882s] [01m[K/home/daniel/Research/Workspaces/game_theoretic_painting/src/coverage_contest/src/play_game.cpp:14:80:[m[K   required from here
[2.882s] [01m[K/usr/include/c++/11/variant:1375:15:[m[K [01;31m[Kerror: [m[Kno type named ‘[01m[Ktype[m[K’ in ‘[01m[Kstruct std::enable_if<false, void>[m[K’
[2.882s]  1375 |         using [01;31m[K__accepted_type[m[K = __to_type<__accepted_index<_Tp>>;
[2.882s]       |               [01;31m[K^~~~~~~~~~~~~~~[m[K
[2.882s] /opt/ros/humble/include/rclcpp/rclcpp/any_service_callback.hpp: In instantiation of ‘[01m[Kvoid rclcpp::AnyServiceCallback<ServiceT>::set(CallbackT&&) [with CallbackT = std::_Bind<void (GamePlayer::*(GamePlayer*, std::_Placeholder<1>, std::_Placeholder<2>))(...)>; typename std::enable_if<(! rclcpp::detail::can_be_nullptr<CallbackT>::value), int>::type <anonymous> = 0; ServiceT = std_srvs::srv::Trigger][m[K’:
[2.882s] [01m[K/opt/ros/humble/include/rclcpp/rclcpp/create_service.hpp:43:27:[m[K   required from ‘[01m[Ktypename rclcpp::Service<ServiceT>::SharedPtr rclcpp::create_service(std::shared_ptr<rclcpp::node_interfaces::NodeBaseInterface>, std::shared_ptr<rclcpp::node_interfaces::NodeServicesInterface>, const string&, CallbackT&&, const rmw_qos_profile_t&, rclcpp::CallbackGroup::SharedPtr) [with ServiceT = std_srvs::srv::Trigger; CallbackT = std::_Bind<void (GamePlayer::*(GamePlayer*, std::_Placeholder<1>, std::_Placeholder<2>))(...)>; typename rclcpp::Service<ServiceT>::SharedPtr = std::shared_ptr<rclcpp::Service<std_srvs::srv::Trigger> >; std::string = std::__cxx11::basic_string<char>; rmw_qos_profile_t = rmw_qos_profile_s; rclcpp::CallbackGroup::SharedPtr = std::shared_ptr<rclcpp::CallbackGroup>][m[K’
[2.883s] [01m[K/opt/ros/humble/include/rclcpp/rclcpp/node_impl.hpp:147:53:[m[K   required from ‘[01m[Ktypename rclcpp::Service<ServiceT>::SharedPtr rclcpp::Node::create_service(const string&, CallbackT&&, const rmw_qos_profile_t&, rclcpp::CallbackGroup::SharedPtr) [with ServiceT = std_srvs::srv::Trigger; CallbackT = std::_Bind<void (GamePlayer::*(GamePlayer*, std::_Placeholder<1>, std::_Placeholder<2>))(...)>; typename rclcpp::Service<ServiceT>::SharedPtr = std::shared_ptr<rclcpp::Service<std_srvs::srv::Trigger> >; std::string = std::__cxx11::basic_string<char>; rmw_qos_profile_t = rmw_qos_profile_s; rclcpp::CallbackGroup::SharedPtr = std::shared_ptr<rclcpp::CallbackGroup>][m[K’
[2.883s] [01m[K/home/daniel/Research/Workspaces/game_theoretic_painting/src/coverage_contest/src/play_game.cpp:14:80:[m[K   required from here
[2.883s] [01m[K/usr/include/c++/11/variant:1398:16:[m[K [01;36m[Knote: [m[Kcandidate: ‘[01m[Kstd::variant<_Types>& std::variant<_Types>::operator=(const std::variant<_Types>&) [with _Types = {std::monostate, std::function<void(std::shared_ptr<std_srvs::srv::Trigger_Request_<std::allocator<void> > >, std::shared_ptr<std_srvs::srv::Trigger_Response_<std::allocator<void> > >)>, std::function<void(std::shared_ptr<rmw_request_id_s>, std::shared_ptr<std_srvs::srv::Trigger_Request_<std::allocator<void> > >, std::shared_ptr<std_srvs::srv::Trigger_Response_<std::allocator<void> > >)>, std::function<void(std::shared_ptr<rmw_request_id_s>, std::shared_ptr<std_srvs::srv::Trigger_Request_<std::allocator<void> > >)>, std::function<void(std::shared_ptr<rclcpp::Service<std_srvs::srv::Trigger> >, std::shared_ptr<rmw_request_id_s>, std::shared_ptr<std_srvs::srv::Trigger_Request_<std::allocator<void> > >)>}][m[K’
[2.883s]  1398 |       variant& [01;36m[Koperator[m[K=(const variant&) = default;
[2.883s]       |                [01;36m[K^~~~~~~~[m[K
[2.883s] [01m[K/usr/include/c++/11/variant:1398:26:[m[K [01;36m[Knote: [m[K  no known conversion for argument 1 from ‘[01m[Kstd::_Bind<void (GamePlayer::*(GamePlayer*, std::_Placeholder<1>, std::_Placeholder<2>))(...)>[m[K’ to ‘[01m[Kconst std::variant<std::monostate, std::function<void(std::shared_ptr<std_srvs::srv::Trigger_Request_<std::allocator<void> > >, std::shared_ptr<std_srvs::srv::Trigger_Response_<std::allocator<void> > >)>, std::function<void(std::shared_ptr<rmw_request_id_s>, std::shared_ptr<std_srvs::srv::Trigger_Request_<std::allocator<void> > >, std::shared_ptr<std_srvs::srv::Trigger_Response_<std::allocator<void> > >)>, std::function<void(std::shared_ptr<rmw_request_id_s>, std::shared_ptr<std_srvs::srv::Trigger_Request_<std::allocator<void> > >)>, std::function<void(std::shared_ptr<rclcpp::Service<std_srvs::srv::Trigger> >, std::shared_ptr<rmw_request_id_s>, std::shared_ptr<std_srvs::srv::Trigger_Request_<std::allocator<void> > >)> >&[m[K’
[2.883s]  1398 |       variant& operator=([01;36m[Kconst variant&[m[K) = default;
[2.883s]       |                          [01;36m[K^~~~~~~~~~~~~~[m[K
[2.883s] [01m[K/usr/include/c++/11/variant:1399:16:[m[K [01;36m[Knote: [m[Kcandidate: ‘[01m[Kstd::variant<_Types>& std::variant<_Types>::operator=(std::variant<_Types>&&) [with _Types = {std::monostate, std::function<void(std::shared_ptr<std_srvs::srv::Trigger_Request_<std::allocator<void> > >, std::shared_ptr<std_srvs::srv::Trigger_Response_<std::allocator<void> > >)>, std::function<void(std::shared_ptr<rmw_request_id_s>, std::shared_ptr<std_srvs::srv::Trigger_Request_<std::allocator<void> > >, std::shared_ptr<std_srvs::srv::Trigger_Response_<std::allocator<void> > >)>, std::function<void(std::shared_ptr<rmw_request_id_s>, std::shared_ptr<std_srvs::srv::Trigger_Request_<std::allocator<void> > >)>, std::function<void(std::shared_ptr<rclcpp::Service<std_srvs::srv::Trigger> >, std::shared_ptr<rmw_request_id_s>, std::shared_ptr<std_srvs::srv::Trigger_Request_<std::allocator<void> > >)>}][m[K’
[2.883s]  1399 |       variant& [01;36m[Koperator[m[K=(variant&&) = default;
[2.883s]       |                [01;36m[K^~~~~~~~[m[K
[2.883s] [01m[K/usr/include/c++/11/variant:1399:26:[m[K [01;36m[Knote: [m[K  no known conversion for argument 1 from ‘[01m[Kstd::_Bind<void (GamePlayer::*(GamePlayer*, std::_Placeholder<1>, std::_Placeholder<2>))(...)>[m[K’ to ‘[01m[Kstd::variant<std::monostate, std::function<void(std::shared_ptr<std_srvs::srv::Trigger_Request_<std::allocator<void> > >, std::shared_ptr<std_srvs::srv::Trigger_Response_<std::allocator<void> > >)>, std::function<void(std::shared_ptr<rmw_request_id_s>, std::shared_ptr<std_srvs::srv::Trigger_Request_<std::allocator<void> > >, std::shared_ptr<std_srvs::srv::Trigger_Response_<std::allocator<void> > >)>, std::function<void(std::shared_ptr<rmw_request_id_s>, std::shared_ptr<std_srvs::srv::Trigger_Request_<std::allocator<void> > >)>, std::function<void(std::shared_ptr<rclcpp::Service<std_srvs::srv::Trigger> >, std::shared_ptr<rmw_request_id_s>, std::shared_ptr<std_srvs::srv::Trigger_Request_<std::allocator<void> > >)> >&&[m[K’
[2.883s]  1399 |       variant& operator=([01;36m[Kvariant&&[m[K) = default;
[2.883s]       |                          [01;36m[K^~~~~~~~~[m[K
[3.196s] gmake[2]: *** [CMakeFiles/play_game.dir/build.make:76: CMakeFiles/play_game.dir/src/play_game.cpp.o] Error 1
[3.197s] gmake[1]: *** [CMakeFiles/Makefile2:137: CMakeFiles/play_game.dir/all] Error 2
[3.197s] gmake: *** [Makefile:146: all] Error 2
[3.199s] Invoked command in '/home/daniel/Research/Workspaces/game_theoretic_painting/build/coverage_contest' returned '2': CMAKE_PREFIX_PATH=${CMAKE_PREFIX_PATH}:/home/daniel/Research/Workspaces/turtlebot3/install/turtlebot3_teleop:/home/daniel/Research/Workspaces/turtlebot3/install/turtlebot3_example:/opt/ros/humble /usr/bin/cmake --build /home/daniel/Research/Workspaces/game_theoretic_painting/build/coverage_contest -- -j20 -l20
