[0.060s] Invoking command in '/home/daniel/Research/Workspaces/game_theoretic_painting/build/coverage_contest': CMAKE_PREFIX_PATH=${CMAKE_PREFIX_PATH}:/home/daniel/Research/Workspaces/turtlebot3/install/turtlebot3_teleop:/home/daniel/Research/Workspaces/turtlebot3/install/turtlebot3_example:/opt/ros/humble /usr/bin/cmake --build /home/daniel/Research/Workspaces/game_theoretic_painting/build/coverage_contest -- -j20 -l20
[0.086s] [35m[1mConsolidate compiler generated dependencies of target game_visualizer[0m
[0.095s] [ 25%] [32mBuilding CXX object CMakeFiles/game_visualizer.dir/src/game_visualizer.cpp.o[0m
[1.239s] [01m[K/home/daniel/Research/Workspaces/game_theoretic_painting/src/coverage_contest/src/game_visualizer.cpp:4:1:[m[K [01;31m[Kerror: [m[Kno declaration matches ‘[01m[KGameVisualizer::GameVisualizer(rclcpp::Node::SharedPtr)[m[K’
[1.239s]     4 | [01;31m[KGameVisualizer[m[K::GameVisualizer(rclcpp::Node::SharedPtr node) : node_(node) {
[1.239s]       | [01;31m[K^~~~~~~~~~~~~~[m[K
[1.239s] In file included from [01m[K/home/daniel/Research/Workspaces/game_theoretic_painting/src/coverage_contest/src/game_visualizer.cpp:1[m[K:
[1.240s] [01m[K/home/daniel/Research/Workspaces/game_theoretic_painting/src/coverage_contest/include/coverage_contest/game_visualizer.h:33:7:[m[K [01;36m[Knote: [m[Kcandidates are: ‘[01m[KGameVisualizer::GameVisualizer(GameVisualizer&&)[m[K’
[1.240s]    33 | class [01;36m[KGameVisualizer[m[K {
[1.240s]       |       [01;36m[K^~~~~~~~~~~~~~[m[K
[1.240s] [01m[K/home/daniel/Research/Workspaces/game_theoretic_painting/src/coverage_contest/include/coverage_contest/game_visualizer.h:33:7:[m[K [01;36m[Knote: [m[K                ‘[01m[KGameVisualizer::GameVisualizer(const GameVisualizer&)[m[K’
[1.240s] [01m[K/home/daniel/Research/Workspaces/game_theoretic_painting/src/coverage_contest/include/coverage_contest/game_visualizer.h:35:5:[m[K [01;36m[Knote: [m[K                ‘[01m[KGameVisualizer::GameVisualizer()[m[K’
[1.240s]    35 |     [01;36m[KGameVisualizer[m[K(void);
[1.240s]       |     [01;36m[K^~~~~~~~~~~~~~[m[K
[1.240s] [01m[K/home/daniel/Research/Workspaces/game_theoretic_painting/src/coverage_contest/include/coverage_contest/game_visualizer.h:33:7:[m[K [01;36m[Knote: [m[K‘[01m[Kclass GameVisualizer[m[K’ defined here
[1.240s]    33 | class [01;36m[KGameVisualizer[m[K {
[1.240s]       |       [01;36m[K^~~~~~~~~~~~~~[m[K
[1.459s] gmake[2]: *** [CMakeFiles/game_visualizer.dir/build.make:76: CMakeFiles/game_visualizer.dir/src/game_visualizer.cpp.o] Error 1
[1.460s] gmake[1]: *** [CMakeFiles/Makefile2:139: CMakeFiles/game_visualizer.dir/all] Error 2
[1.460s] gmake: *** [Makefile:146: all] Error 2
[1.463s] Invoked command in '/home/daniel/Research/Workspaces/game_theoretic_painting/build/coverage_contest' returned '2': CMAKE_PREFIX_PATH=${CMAKE_PREFIX_PATH}:/home/daniel/Research/Workspaces/turtlebot3/install/turtlebot3_teleop:/home/daniel/Research/Workspaces/turtlebot3/install/turtlebot3_example:/opt/ros/humble /usr/bin/cmake --build /home/daniel/Research/Workspaces/game_theoretic_painting/build/coverage_contest -- -j20 -l20
