[0.063s] Invoking command in '/home/daniel/Research/Workspaces/game_theoretic_painting/build/coverage_contest': CMAKE_PREFIX_PATH=${CMAKE_PREFIX_PATH}:/home/daniel/Research/Workspaces/turtlebot3/install/turtlebot3_teleop:/home/daniel/Research/Workspaces/turtlebot3/install/turtlebot3_example:/opt/ros/humble /usr/bin/cmake --build /home/daniel/Research/Workspaces/game_theoretic_painting/build/coverage_contest -- -j20 -l20
[0.088s] [35m[1mConsolidate compiler generated dependencies of target game_visualizer[0m
[0.098s] [ 25%] [32mBuilding CXX object CMakeFiles/game_visualizer.dir/src/game_visualizer.cpp.o[0m
[1.483s] [ 50%] [32m[1mLinking CXX static library libgame_visualizer.a[0m
[1.500s] [ 50%] Built target game_visualizer
[1.514s] [ 75%] [32mBuilding CXX object CMakeFiles/play_game.dir/src/play_game.cpp.o[0m
[2.771s] [01m[K/home/daniel/Research/Workspaces/game_theoretic_painting/src/coverage_contest/src/play_game.cpp:[m[K In constructor ‘[01m[KGamePlayer::GamePlayer()[m[K’:
[2.771s] [01m[K/home/daniel/Research/Workspaces/game_theoretic_painting/src/coverage_contest/src/play_game.cpp:16:36:[m[K [01;31m[Kerror: [m[Kno matching function for call to ‘[01m[KGameVisualizer::GameVisualizer()[m[K’
[2.771s]    16 |   visualizer_ = new GameVisualizer([01;31m[K)[m[K;
[2.771s]       |                                    [01;31m[K^[m[K
[2.771s] In file included from [01m[K/home/daniel/Research/Workspaces/game_theoretic_painting/src/coverage_contest/include/coverage_contest/play_game.h:20[m[K,
[2.771s]                  from [01m[K/home/daniel/Research/Workspaces/game_theoretic_painting/src/coverage_contest/src/play_game.cpp:1[m[K:
[2.771s] [01m[K/home/daniel/Research/Workspaces/game_theoretic_painting/src/coverage_contest/include/coverage_contest/game_visualizer.h:35:5:[m[K [01;36m[Knote: [m[Kcandidate: ‘[01m[KGameVisualizer::GameVisualizer(rclcpp::Node::SharedPtr)[m[K’
[2.771s]    35 |     [01;36m[KGameVisualizer[m[K(rclcpp::Node::SharedPtr node);
[2.771s]       |     [01;36m[K^~~~~~~~~~~~~~[m[K
[2.781s] [01m[K/home/daniel/Research/Workspaces/game_theoretic_painting/src/coverage_contest/include/coverage_contest/game_visualizer.h:35:5:[m[K [01;36m[Knote: [m[K  candidate expects 1 argument, 0 provided
[2.781s] [01m[K/home/daniel/Research/Workspaces/game_theoretic_painting/src/coverage_contest/include/coverage_contest/game_visualizer.h:33:7:[m[K [01;36m[Knote: [m[Kcandidate: ‘[01m[KGameVisualizer::GameVisualizer(const GameVisualizer&)[m[K’
[2.781s]    33 | class [01;36m[KGameVisualizer[m[K {
[2.781s]       |       [01;36m[K^~~~~~~~~~~~~~[m[K
[2.781s] [01m[K/home/daniel/Research/Workspaces/game_theoretic_painting/src/coverage_contest/include/coverage_contest/game_visualizer.h:33:7:[m[K [01;36m[Knote: [m[K  candidate expects 1 argument, 0 provided
[2.781s] [01m[K/home/daniel/Research/Workspaces/game_theoretic_painting/src/coverage_contest/include/coverage_contest/game_visualizer.h:33:7:[m[K [01;36m[Knote: [m[Kcandidate: ‘[01m[KGameVisualizer::GameVisualizer(GameVisualizer&&)[m[K’
[2.781s] [01m[K/home/daniel/Research/Workspaces/game_theoretic_painting/src/coverage_contest/include/coverage_contest/game_visualizer.h:33:7:[m[K [01;36m[Knote: [m[K  candidate expects 1 argument, 0 provided
[3.291s] gmake[2]: *** [CMakeFiles/play_game.dir/build.make:76: CMakeFiles/play_game.dir/src/play_game.cpp.o] Error 1
[3.291s] gmake[1]: *** [CMakeFiles/Makefile2:165: CMakeFiles/play_game.dir/all] Error 2
[3.291s] gmake: *** [Makefile:146: all] Error 2
[3.293s] Invoked command in '/home/daniel/Research/Workspaces/game_theoretic_painting/build/coverage_contest' returned '2': CMAKE_PREFIX_PATH=${CMAKE_PREFIX_PATH}:/home/daniel/Research/Workspaces/turtlebot3/install/turtlebot3_teleop:/home/daniel/Research/Workspaces/turtlebot3/install/turtlebot3_example:/opt/ros/humble /usr/bin/cmake --build /home/daniel/Research/Workspaces/game_theoretic_painting/build/coverage_contest -- -j20 -l20
