[0.060s] Invoking command in '/home/daniel/Research/Workspaces/game_theoretic_painting/build/coverage_contest': CMAKE_PREFIX_PATH=${CMAKE_PREFIX_PATH}:/home/daniel/Research/Workspaces/turtlebot3/install/turtlebot3_teleop:/home/daniel/Research/Workspaces/turtlebot3/install/turtlebot3_example:/opt/ros/humble /usr/bin/cmake --build /home/daniel/Research/Workspaces/game_theoretic_painting/build/coverage_contest -- -j20 -l20
[0.085s] [35m[1mConsolidate compiler generated dependencies of target game_visualizer[0m
[0.094s] [ 50%] Built target game_visualizer
[0.101s] [35m[1mConsolidate compiler generated dependencies of target play_game[0m
[0.111s] [ 75%] [32mBuilding CXX object CMakeFiles/play_game.dir/src/play_game.cpp.o[0m
[2.371s] [100%] [32m[1mLinking CXX executable play_game[0m
[2.457s] [100%] Built target play_game
[2.467s] Invoked command in '/home/daniel/Research/Workspaces/game_theoretic_painting/build/coverage_contest' returned '0': CMAKE_PREFIX_PATH=${CMAKE_PREFIX_PATH}:/home/daniel/Research/Workspaces/turtlebot3/install/turtlebot3_teleop:/home/daniel/Research/Workspaces/turtlebot3/install/turtlebot3_example:/opt/ros/humble /usr/bin/cmake --build /home/daniel/Research/Workspaces/game_theoretic_painting/build/coverage_contest -- -j20 -l20
[2.491s] Invoking command in '/home/daniel/Research/Workspaces/game_theoretic_painting/build/coverage_contest': CMAKE_PREFIX_PATH=${CMAKE_PREFIX_PATH}:/home/daniel/Research/Workspaces/turtlebot3/install/turtlebot3_teleop:/home/daniel/Research/Workspaces/turtlebot3/install/turtlebot3_example:/opt/ros/humble /usr/bin/cmake --install /home/daniel/Research/Workspaces/game_theoretic_painting/build/coverage_contest
[2.495s] -- Install configuration: ""
[2.495s] -- Installing: /home/daniel/Research/Workspaces/game_theoretic_painting/install/coverage_contest/lib/coverage_contest/play_game
[2.496s] -- Set runtime path of "/home/daniel/Research/Workspaces/game_theoretic_painting/install/coverage_contest/lib/coverage_contest/play_game" to ""
[2.496s] -- Up-to-date: /home/daniel/Research/Workspaces/game_theoretic_painting/install/coverage_contest/share/coverage_contest/config
[2.497s] -- Up-to-date: /home/daniel/Research/Workspaces/game_theoretic_painting/install/coverage_contest/share/coverage_contest/config/params.yaml
[2.497s] -- Up-to-date: /home/daniel/Research/Workspaces/game_theoretic_painting/install/coverage_contest/share/coverage_contest/launch
[2.497s] -- Up-to-date: /home/daniel/Research/Workspaces/game_theoretic_painting/install/coverage_contest/share/coverage_contest/launch/load_game.launch
[2.497s] -- Up-to-date: /home/daniel/Research/Workspaces/game_theoretic_painting/install/coverage_contest/share/ament_index/resource_index/package_run_dependencies/coverage_contest
[2.497s] -- Up-to-date: /home/daniel/Research/Workspaces/game_theoretic_painting/install/coverage_contest/share/ament_index/resource_index/parent_prefix_path/coverage_contest
[2.497s] -- Up-to-date: /home/daniel/Research/Workspaces/game_theoretic_painting/install/coverage_contest/share/coverage_contest/environment/ament_prefix_path.sh
[2.497s] -- Up-to-date: /home/daniel/Research/Workspaces/game_theoretic_painting/install/coverage_contest/share/coverage_contest/environment/ament_prefix_path.dsv
[2.497s] -- Up-to-date: /home/daniel/Research/Workspaces/game_theoretic_painting/install/coverage_contest/share/coverage_contest/environment/path.sh
[2.498s] -- Up-to-date: /home/daniel/Research/Workspaces/game_theoretic_painting/install/coverage_contest/share/coverage_contest/environment/path.dsv
[2.498s] -- Up-to-date: /home/daniel/Research/Workspaces/game_theoretic_painting/install/coverage_contest/share/coverage_contest/local_setup.bash
[2.498s] -- Up-to-date: /home/daniel/Research/Workspaces/game_theoretic_painting/install/coverage_contest/share/coverage_contest/local_setup.sh
[2.498s] -- Up-to-date: /home/daniel/Research/Workspaces/game_theoretic_painting/install/coverage_contest/share/coverage_contest/local_setup.zsh
[2.498s] -- Up-to-date: /home/daniel/Research/Workspaces/game_theoretic_painting/install/coverage_contest/share/coverage_contest/local_setup.dsv
[2.499s] -- Installing: /home/daniel/Research/Workspaces/game_theoretic_painting/install/coverage_contest/share/coverage_contest/package.dsv
[2.499s] -- Up-to-date: /home/daniel/Research/Workspaces/game_theoretic_painting/install/coverage_contest/share/ament_index/resource_index/packages/coverage_contest
[2.499s] -- Up-to-date: /home/daniel/Research/Workspaces/game_theoretic_painting/install/coverage_contest/share/coverage_contest/cmake/coverage_contestConfig.cmake
[2.499s] -- Up-to-date: /home/daniel/Research/Workspaces/game_theoretic_painting/install/coverage_contest/share/coverage_contest/cmake/coverage_contestConfig-version.cmake
[2.499s] -- Up-to-date: /home/daniel/Research/Workspaces/game_theoretic_painting/install/coverage_contest/share/coverage_contest/package.xml
[2.500s] Invoked command in '/home/daniel/Research/Workspaces/game_theoretic_painting/build/coverage_contest' returned '0': CMAKE_PREFIX_PATH=${CMAKE_PREFIX_PATH}:/home/daniel/Research/Workspaces/turtlebot3/install/turtlebot3_teleop:/home/daniel/Research/Workspaces/turtlebot3/install/turtlebot3_example:/opt/ros/humble /usr/bin/cmake --install /home/daniel/Research/Workspaces/game_theoretic_painting/build/coverage_contest
