[0.063s] Invoking command in '/home/daniel/Research/Workspaces/game_theoretic_painting/build/coverage_contest': CMAKE_PREFIX_PATH=${CMAKE_PREFIX_PATH}:/home/daniel/Research/Workspaces/turtlebot3/install/turtlebot3_teleop:/home/daniel/Research/Workspaces/turtlebot3/install/turtlebot3_example:/opt/ros/humble /usr/bin/cmake --build /home/daniel/Research/Workspaces/game_theoretic_painting/build/coverage_contest -- -j20 -l20
[0.091s] [35m[1mConsolidate compiler generated dependencies of target game_visualizer[0m
[0.105s] [ 25%] [32mBuilding CXX object CMakeFiles/game_visualizer.dir/src/game_visualizer.cpp.o[0m
[3.266s] [ 50%] [32m[1mLinking CXX static library libgame_visualizer.a[0m
[3.287s] [ 50%] Built target game_visualizer
[3.297s] [35m[1mConsolidate compiler generated dependencies of target play_game[0m
[3.313s] [ 75%] [32m[1mLinking CXX executable play_game[0m
[3.574s] [100%] Built target play_game
[3.580s] Invoked command in '/home/daniel/Research/Workspaces/game_theoretic_painting/build/coverage_contest' returned '0': CMAKE_PREFIX_PATH=${CMAKE_PREFIX_PATH}:/home/daniel/Research/Workspaces/turtlebot3/install/turtlebot3_teleop:/home/daniel/Research/Workspaces/turtlebot3/install/turtlebot3_example:/opt/ros/humble /usr/bin/cmake --build /home/daniel/Research/Workspaces/game_theoretic_painting/build/coverage_contest -- -j20 -l20
[3.604s] Invoking command in '/home/daniel/Research/Workspaces/game_theoretic_painting/build/coverage_contest': CMAKE_PREFIX_PATH=${CMAKE_PREFIX_PATH}:/home/daniel/Research/Workspaces/turtlebot3/install/turtlebot3_teleop:/home/daniel/Research/Workspaces/turtlebot3/install/turtlebot3_example:/opt/ros/humble /usr/bin/cmake --install /home/daniel/Research/Workspaces/game_theoretic_painting/build/coverage_contest
[3.608s] -- Install configuration: ""
[3.608s] -- Installing: /home/daniel/Research/Workspaces/game_theoretic_painting/install/coverage_contest/lib/coverage_contest/play_game
[3.611s] -- Set runtime path of "/home/daniel/Research/Workspaces/game_theoretic_painting/install/coverage_contest/lib/coverage_contest/play_game" to ""
[3.611s] -- Up-to-date: /home/daniel/Research/Workspaces/game_theoretic_painting/install/coverage_contest/share/coverage_contest/config
[3.611s] -- Up-to-date: /home/daniel/Research/Workspaces/game_theoretic_painting/install/coverage_contest/share/coverage_contest/config/params.yaml
[3.611s] -- Up-to-date: /home/daniel/Research/Workspaces/game_theoretic_painting/install/coverage_contest/share/coverage_contest/launch
[3.612s] -- Up-to-date: /home/daniel/Research/Workspaces/game_theoretic_painting/install/coverage_contest/share/coverage_contest/launch/load_game.launch
[3.612s] -- Up-to-date: /home/daniel/Research/Workspaces/game_theoretic_painting/install/coverage_contest/share/ament_index/resource_index/package_run_dependencies/coverage_contest
[3.612s] -- Up-to-date: /home/daniel/Research/Workspaces/game_theoretic_painting/install/coverage_contest/share/ament_index/resource_index/parent_prefix_path/coverage_contest
[3.612s] -- Up-to-date: /home/daniel/Research/Workspaces/game_theoretic_painting/install/coverage_contest/share/coverage_contest/environment/ament_prefix_path.sh
[3.612s] -- Up-to-date: /home/daniel/Research/Workspaces/game_theoretic_painting/install/coverage_contest/share/coverage_contest/environment/ament_prefix_path.dsv
[3.612s] -- Up-to-date: /home/daniel/Research/Workspaces/game_theoretic_painting/install/coverage_contest/share/coverage_contest/environment/path.sh
[3.612s] -- Up-to-date: /home/daniel/Research/Workspaces/game_theoretic_painting/install/coverage_contest/share/coverage_contest/environment/path.dsv
[3.612s] -- Up-to-date: /home/daniel/Research/Workspaces/game_theoretic_painting/install/coverage_contest/share/coverage_contest/local_setup.bash
[3.612s] -- Up-to-date: /home/daniel/Research/Workspaces/game_theoretic_painting/install/coverage_contest/share/coverage_contest/local_setup.sh
[3.612s] -- Up-to-date: /home/daniel/Research/Workspaces/game_theoretic_painting/install/coverage_contest/share/coverage_contest/local_setup.zsh
[3.612s] -- Up-to-date: /home/daniel/Research/Workspaces/game_theoretic_painting/install/coverage_contest/share/coverage_contest/local_setup.dsv
[3.612s] -- Installing: /home/daniel/Research/Workspaces/game_theoretic_painting/install/coverage_contest/share/coverage_contest/package.dsv
[3.612s] -- Up-to-date: /home/daniel/Research/Workspaces/game_theoretic_painting/install/coverage_contest/share/ament_index/resource_index/packages/coverage_contest
[3.612s] -- Up-to-date: /home/daniel/Research/Workspaces/game_theoretic_painting/install/coverage_contest/share/coverage_contest/cmake/coverage_contestConfig.cmake
[3.612s] -- Up-to-date: /home/daniel/Research/Workspaces/game_theoretic_painting/install/coverage_contest/share/coverage_contest/cmake/coverage_contestConfig-version.cmake
[3.612s] -- Up-to-date: /home/daniel/Research/Workspaces/game_theoretic_painting/install/coverage_contest/share/coverage_contest/package.xml
[3.613s] Invoked command in '/home/daniel/Research/Workspaces/game_theoretic_painting/build/coverage_contest' returned '0': CMAKE_PREFIX_PATH=${CMAKE_PREFIX_PATH}:/home/daniel/Research/Workspaces/turtlebot3/install/turtlebot3_teleop:/home/daniel/Research/Workspaces/turtlebot3/install/turtlebot3_example:/opt/ros/humble /usr/bin/cmake --install /home/daniel/Research/Workspaces/game_theoretic_painting/build/coverage_contest
