[0.061s] Invoking command in '/home/daniel/Research/Workspaces/game_theoretic_painting/build/coverage_contest': CMAKE_PREFIX_PATH=${CMAKE_PREFIX_PATH}:/home/daniel/Research/Workspaces/turtlebot3/install/turtlebot3_teleop:/home/daniel/Research/Workspaces/turtlebot3/install/turtlebot3_example:/opt/ros/humble /usr/bin/cmake --build /home/daniel/Research/Workspaces/game_theoretic_painting/build/coverage_contest -- -j20 -l20
[0.089s] [35m[1mConsolidate compiler generated dependencies of target game_visualizer[0m
[0.104s] [ 25%] [32mBuilding CXX object CMakeFiles/game_visualizer.dir/src/game_visualizer.cpp.o[0m
[3.079s] [ 50%] [32m[1mLinking CXX static library libgame_visualizer.a[0m
[3.097s] [ 50%] Built target game_visualizer
[3.106s] [35m[1mConsolidate compiler generated dependencies of target play_game[0m
[3.121s] [ 75%] [32mBuilding CXX object CMakeFiles/play_game.dir/src/play_game.cpp.o[0m
[6.980s] [100%] [32m[1mLinking CXX executable play_game[0m
[7.223s] [100%] Built target play_game
[7.234s] Invoked command in '/home/daniel/Research/Workspaces/game_theoretic_painting/build/coverage_contest' returned '0': CMAKE_PREFIX_PATH=${CMAKE_PREFIX_PATH}:/home/daniel/Research/Workspaces/turtlebot3/install/turtlebot3_teleop:/home/daniel/Research/Workspaces/turtlebot3/install/turtlebot3_example:/opt/ros/humble /usr/bin/cmake --build /home/daniel/Research/Workspaces/game_theoretic_painting/build/coverage_contest -- -j20 -l20
[7.256s] Invoking command in '/home/daniel/Research/Workspaces/game_theoretic_painting/build/coverage_contest': CMAKE_PREFIX_PATH=${CMAKE_PREFIX_PATH}:/home/daniel/Research/Workspaces/turtlebot3/install/turtlebot3_teleop:/home/daniel/Research/Workspaces/turtlebot3/install/turtlebot3_example:/opt/ros/humble /usr/bin/cmake --install /home/daniel/Research/Workspaces/game_theoretic_painting/build/coverage_contest
[7.262s] -- Install configuration: ""
[7.262s] -- Installing: /home/daniel/Research/Workspaces/game_theoretic_painting/install/coverage_contest/lib/coverage_contest/play_game
[7.265s] -- Set runtime path of "/home/daniel/Research/Workspaces/game_theoretic_painting/install/coverage_contest/lib/coverage_contest/play_game" to ""
[7.265s] -- Up-to-date: /home/daniel/Research/Workspaces/game_theoretic_painting/install/coverage_contest/share/coverage_contest/config
[7.265s] -- Up-to-date: /home/daniel/Research/Workspaces/game_theoretic_painting/install/coverage_contest/share/coverage_contest/config/params.yaml
[7.265s] -- Up-to-date: /home/daniel/Research/Workspaces/game_theoretic_painting/install/coverage_contest/share/coverage_contest/launch
[7.265s] -- Up-to-date: /home/daniel/Research/Workspaces/game_theoretic_painting/install/coverage_contest/share/coverage_contest/launch/load_game.launch
[7.265s] -- Up-to-date: /home/daniel/Research/Workspaces/game_theoretic_painting/install/coverage_contest/share/ament_index/resource_index/package_run_dependencies/coverage_contest
[7.265s] -- Up-to-date: /home/daniel/Research/Workspaces/game_theoretic_painting/install/coverage_contest/share/ament_index/resource_index/parent_prefix_path/coverage_contest
[7.265s] -- Up-to-date: /home/daniel/Research/Workspaces/game_theoretic_painting/install/coverage_contest/share/coverage_contest/environment/ament_prefix_path.sh
[7.265s] -- Up-to-date: /home/daniel/Research/Workspaces/game_theoretic_painting/install/coverage_contest/share/coverage_contest/environment/ament_prefix_path.dsv
[7.265s] -- Up-to-date: /home/daniel/Research/Workspaces/game_theoretic_painting/install/coverage_contest/share/coverage_contest/environment/path.sh
[7.265s] -- Up-to-date: /home/daniel/Research/Workspaces/game_theoretic_painting/install/coverage_contest/share/coverage_contest/environment/path.dsv
[7.265s] -- Up-to-date: /home/daniel/Research/Workspaces/game_theoretic_painting/install/coverage_contest/share/coverage_contest/local_setup.bash
[7.265s] -- Up-to-date: /home/daniel/Research/Workspaces/game_theoretic_painting/install/coverage_contest/share/coverage_contest/local_setup.sh
[7.265s] -- Up-to-date: /home/daniel/Research/Workspaces/game_theoretic_painting/install/coverage_contest/share/coverage_contest/local_setup.zsh
[7.265s] -- Up-to-date: /home/daniel/Research/Workspaces/game_theoretic_painting/install/coverage_contest/share/coverage_contest/local_setup.dsv
[7.265s] -- Installing: /home/daniel/Research/Workspaces/game_theoretic_painting/install/coverage_contest/share/coverage_contest/package.dsv
[7.266s] -- Up-to-date: /home/daniel/Research/Workspaces/game_theoretic_painting/install/coverage_contest/share/ament_index/resource_index/packages/coverage_contest
[7.266s] -- Up-to-date: /home/daniel/Research/Workspaces/game_theoretic_painting/install/coverage_contest/share/coverage_contest/cmake/coverage_contestConfig.cmake
[7.266s] -- Up-to-date: /home/daniel/Research/Workspaces/game_theoretic_painting/install/coverage_contest/share/coverage_contest/cmake/coverage_contestConfig-version.cmake
[7.266s] -- Up-to-date: /home/daniel/Research/Workspaces/game_theoretic_painting/install/coverage_contest/share/coverage_contest/package.xml
[7.266s] Invoked command in '/home/daniel/Research/Workspaces/game_theoretic_painting/build/coverage_contest' returned '0': CMAKE_PREFIX_PATH=${CMAKE_PREFIX_PATH}:/home/daniel/Research/Workspaces/turtlebot3/install/turtlebot3_teleop:/home/daniel/Research/Workspaces/turtlebot3/install/turtlebot3_example:/opt/ros/humble /usr/bin/cmake --install /home/daniel/Research/Workspaces/game_theoretic_painting/build/coverage_contest
