[0.060s] Invoking command in '/home/daniel/Research/Workspaces/game_theoretic_painting/build/coverage_contest': CMAKE_PREFIX_PATH=${CMAKE_PREFIX_PATH}:/home/daniel/Research/Workspaces/turtlebot3/install/turtlebot3_teleop:/home/daniel/Research/Workspaces/turtlebot3/install/turtlebot3_example:/opt/ros/humble /usr/bin/cmake --build /home/daniel/Research/Workspaces/game_theoretic_painting/build/coverage_contest -- -j20 -l20
[0.076s] -- Found ament_cmake: 1.3.6 (/opt/ros/humble/share/ament_cmake/cmake)
[0.168s] -- Found rclcpp: 16.0.7 (/opt/ros/humble/share/rclcpp/cmake)
[0.185s] -- Found rosidl_generator_c: 3.1.5 (/opt/ros/humble/share/rosidl_generator_c/cmake)
[0.186s] -- Found rosidl_adapter: 3.1.5 (/opt/ros/humble/share/rosidl_adapter/cmake)
[0.190s] -- Found rosidl_generator_cpp: 3.1.5 (/opt/ros/humble/share/rosidl_generator_cpp/cmake)
[0.196s] -- Using all available rosidl_typesupport_c: rosidl_typesupport_fastrtps_c;rosidl_typesupport_introspection_c
[0.204s] -- Using all available rosidl_typesupport_cpp: rosidl_typesupport_fastrtps_cpp;rosidl_typesupport_introspection_cpp
[0.236s] -- Found rmw_implementation_cmake: 6.1.1 (/opt/ros/humble/share/rmw_implementation_cmake/cmake)
[0.237s] -- Found rmw_fastrtps_cpp: 6.2.5 (/opt/ros/humble/share/rmw_fastrtps_cpp/cmake)
[0.305s] -- Using RMW implementation 'rmw_fastrtps_cpp' as default
[0.390s] -- Found geometry_msgs: 4.2.3 (/opt/ros/humble/share/geometry_msgs/cmake)
[0.414s] -- Found sensor_msgs: 4.2.3 (/opt/ros/humble/share/sensor_msgs/cmake)
[0.460s] -- Found pcl_ros: 2.4.0 (/opt/ros/humble/share/pcl_ros/cmake)
[0.604s] -- Found eigen3_cmake_module: 0.1.1 (/opt/ros/humble/share/eigen3_cmake_module/cmake)
[0.605s] -- Ensuring Eigen3 include directory is part of orocos-kdl CMake target
[0.816s] -- Eigen found (include: /usr/include/eigen3, version: 3.4.0)
[0.834s] -- FLANN found (include: /usr/include, lib: /usr/lib/x86_64-linux-gnu/libflann_cpp.so)
[1.015s] -- OpenNI found (version: 1.5.4.0, include: /usr/include/ni, lib: /usr/lib/libOpenNI.so;libusb::libusb)
[1.018s] -- OpenNI2 found (version: 2.2.0.33, include: /usr/include/openni2, lib: /usr/lib/x86_64-linux-gnu/libOpenNI2.so;libusb::libusb)
[1.110s] -- Eigen found (include: /usr/include/eigen3, version: 3.4.0)
[1.114s] -- OpenNI found (version: 1.5.4.0, include: /usr/include/ni, lib: /usr/lib/libOpenNI.so;libusb::libusb)
[1.117s] -- OpenNI2 found (version: 2.2.0.33, include: /usr/include/openni2, lib: /usr/lib/x86_64-linux-gnu/libOpenNI2.so;libusb::libusb)
[1.203s] -- Found Qhull version 8.0.2
[1.291s] -- OpenNI found (version: 1.5.4.0, include: /usr/include/ni, lib: /usr/lib/libOpenNI.so;libusb::libusb)
[1.391s] -- Found std_srvs: 4.2.3 (/opt/ros/humble/share/std_srvs/cmake)
[1.400s] -- Found rosidl_default_generators: 1.2.0 (/opt/ros/humble/share/rosidl_default_generators/cmake)
[1.406s] -- Found ament_lint_auto: 0.12.9 (/opt/ros/humble/share/ament_lint_auto/cmake)
[1.446s] -- Added test 'cppcheck' to perform static code analysis on C / C++ code
[1.446s] -- Configured cppcheck include dirs: /home/daniel/Research/Workspaces/game_theoretic_painting/src/coverage_contest/include
[1.446s] -- Configured cppcheck exclude dirs and/or files: 
[1.447s] -- Added test 'lint_cmake' to check CMake code style
[1.448s] -- Added test 'uncrustify' to check C / C++ code style
[1.448s] -- Configured uncrustify additional arguments: 
[1.448s] -- Added test 'xmllint' to check XML markup files
[1.448s] -- Configuring done
[1.456s] -- Generating done
[1.458s] -- Build files have been written to: /home/daniel/Research/Workspaces/game_theoretic_painting/build/coverage_contest
[1.479s] [35m[1mConsolidate compiler generated dependencies of target game_visualizer[0m
[1.488s] [ 50%] Built target game_visualizer
[1.494s] [35m[1mConsolidate compiler generated dependencies of target play_game[0m
[1.505s] [ 75%] [32m[1mLinking CXX executable play_game[0m
[1.594s] [100%] Built target play_game
[1.600s] Invoked command in '/home/daniel/Research/Workspaces/game_theoretic_painting/build/coverage_contest' returned '0': CMAKE_PREFIX_PATH=${CMAKE_PREFIX_PATH}:/home/daniel/Research/Workspaces/turtlebot3/install/turtlebot3_teleop:/home/daniel/Research/Workspaces/turtlebot3/install/turtlebot3_example:/opt/ros/humble /usr/bin/cmake --build /home/daniel/Research/Workspaces/game_theoretic_painting/build/coverage_contest -- -j20 -l20
[1.623s] Invoking command in '/home/daniel/Research/Workspaces/game_theoretic_painting/build/coverage_contest': CMAKE_PREFIX_PATH=${CMAKE_PREFIX_PATH}:/home/daniel/Research/Workspaces/turtlebot3/install/turtlebot3_teleop:/home/daniel/Research/Workspaces/turtlebot3/install/turtlebot3_example:/opt/ros/humble /usr/bin/cmake --install /home/daniel/Research/Workspaces/game_theoretic_painting/build/coverage_contest
[1.627s] -- Install configuration: ""
[1.627s] -- Installing: /home/daniel/Research/Workspaces/game_theoretic_painting/install/coverage_contest/share/coverage_contest/environment/library_path.sh
[1.627s] -- Installing: /home/daniel/Research/Workspaces/game_theoretic_painting/install/coverage_contest/share/coverage_contest/environment/library_path.dsv
[1.627s] [31mCMake Error at cmake_install.cmake:54 (file):
[1.628s]   file INSTALL cannot find
[1.628s]   "/home/daniel/Research/Workspaces/game_theoretic_painting/src/coverage_contest/include/game_visualizer":
[1.628s]   No such file or directory.
[1.628s] 
[1.628s] [0m
[1.628s] Invoked command in '/home/daniel/Research/Workspaces/game_theoretic_painting/build/coverage_contest' returned '1': CMAKE_PREFIX_PATH=${CMAKE_PREFIX_PATH}:/home/daniel/Research/Workspaces/turtlebot3/install/turtlebot3_teleop:/home/daniel/Research/Workspaces/turtlebot3/install/turtlebot3_example:/opt/ros/humble /usr/bin/cmake --install /home/daniel/Research/Workspaces/game_theoretic_painting/build/coverage_contest
