[0.061s] Invoking command in '/home/daniel/Research/Workspaces/game_theoretic_painting/build/coverage_contest': CMAKE_PREFIX_PATH=${CMAKE_PREFIX_PATH}:/home/daniel/Research/Workspaces/turtlebot3/install/turtlebot3_teleop:/home/daniel/Research/Workspaces/turtlebot3/install/turtlebot3_example:/opt/ros/humble /usr/bin/cmake --build /home/daniel/Research/Workspaces/game_theoretic_painting/build/coverage_contest -- -j20 -l20
[0.077s] -- Found ament_cmake: 1.3.6 (/opt/ros/humble/share/ament_cmake/cmake)
[0.161s] -- Found rclcpp: 16.0.7 (/opt/ros/humble/share/rclcpp/cmake)
[0.178s] -- Found rosidl_generator_c: 3.1.5 (/opt/ros/humble/share/rosidl_generator_c/cmake)
[0.179s] -- Found rosidl_adapter: 3.1.5 (/opt/ros/humble/share/rosidl_adapter/cmake)
[0.182s] -- Found rosidl_generator_cpp: 3.1.5 (/opt/ros/humble/share/rosidl_generator_cpp/cmake)
[0.188s] -- Using all available rosidl_typesupport_c: rosidl_typesupport_fastrtps_c;rosidl_typesupport_introspection_c
[0.197s] -- Using all available rosidl_typesupport_cpp: rosidl_typesupport_fastrtps_cpp;rosidl_typesupport_introspection_cpp
[0.229s] -- Found rmw_implementation_cmake: 6.1.1 (/opt/ros/humble/share/rmw_implementation_cmake/cmake)
[0.230s] -- Found rmw_fastrtps_cpp: 6.2.5 (/opt/ros/humble/share/rmw_fastrtps_cpp/cmake)
[0.303s] -- Using RMW implementation 'rmw_fastrtps_cpp' as default
[0.391s] -- Found geometry_msgs: 4.2.3 (/opt/ros/humble/share/geometry_msgs/cmake)
[0.415s] -- Found sensor_msgs: 4.2.3 (/opt/ros/humble/share/sensor_msgs/cmake)
[0.462s] -- Found pcl_ros: 2.4.0 (/opt/ros/humble/share/pcl_ros/cmake)
[0.610s] -- Found eigen3_cmake_module: 0.1.1 (/opt/ros/humble/share/eigen3_cmake_module/cmake)
[0.611s] -- Ensuring Eigen3 include directory is part of orocos-kdl CMake target
[0.824s] -- Eigen found (include: /usr/include/eigen3, version: 3.4.0)
[0.843s] -- FLANN found (include: /usr/include, lib: /usr/lib/x86_64-linux-gnu/libflann_cpp.so)
[1.017s] -- OpenNI found (version: 1.5.4.0, include: /usr/include/ni, lib: /usr/lib/libOpenNI.so;libusb::libusb)
[1.021s] -- OpenNI2 found (version: 2.2.0.33, include: /usr/include/openni2, lib: /usr/lib/x86_64-linux-gnu/libOpenNI2.so;libusb::libusb)
[1.116s] -- Eigen found (include: /usr/include/eigen3, version: 3.4.0)
[1.120s] -- OpenNI found (version: 1.5.4.0, include: /usr/include/ni, lib: /usr/lib/libOpenNI.so;libusb::libusb)
[1.124s] -- OpenNI2 found (version: 2.2.0.33, include: /usr/include/openni2, lib: /usr/lib/x86_64-linux-gnu/libOpenNI2.so;libusb::libusb)
[1.212s] -- Found Qhull version 8.0.2
[1.304s] -- OpenNI found (version: 1.5.4.0, include: /usr/include/ni, lib: /usr/lib/libOpenNI.so;libusb::libusb)
[1.403s] -- Found std_srvs: 4.2.3 (/opt/ros/humble/share/std_srvs/cmake)
[1.412s] -- Found rosidl_default_generators: 1.2.0 (/opt/ros/humble/share/rosidl_default_generators/cmake)
[1.417s] -- Found visualization_msgs: 4.2.3 (/opt/ros/humble/share/visualization_msgs/cmake)
[1.491s] -- Found ament_lint_auto: 0.12.9 (/opt/ros/humble/share/ament_lint_auto/cmake)
[1.532s] -- Added test 'cppcheck' to perform static code analysis on C / C++ code
[1.532s] -- Configured cppcheck include dirs: /home/daniel/Research/Workspaces/game_theoretic_painting/src/coverage_contest/include
[1.532s] -- Configured cppcheck exclude dirs and/or files: 
[1.532s] -- Added test 'lint_cmake' to check CMake code style
[1.533s] -- Added test 'uncrustify' to check C / C++ code style
[1.533s] -- Configured uncrustify additional arguments: 
[1.533s] -- Added test 'xmllint' to check XML markup files
[1.534s] -- Configuring done
[1.557s] -- Generating done
[1.559s] -- Build files have been written to: /home/daniel/Research/Workspaces/game_theoretic_painting/build/coverage_contest
[1.581s] [35m[1mConsolidate compiler generated dependencies of target game_visualizer[0m
[1.599s] [ 25%] [32mBuilding CXX object CMakeFiles/game_visualizer.dir/src/game_visualizer.cpp.o[0m
[2.512s] In file included from [01m[K/home/daniel/Research/Workspaces/game_theoretic_painting/src/coverage_contest/include/coverage_contest/game_visualizer.h:11[m[K,
[2.513s]                  from [01m[K/home/daniel/Research/Workspaces/game_theoretic_painting/src/coverage_contest/src/game_visualizer.cpp:1[m[K:
[2.513s] [01m[K/home/daniel/Research/Workspaces/game_theoretic_painting/src/coverage_contest/include/coverage_contest/point.h:9:10:[m[K [01;31m[Kfatal error: [m[Kpcl_ros/transforms.h: No such file or directory
[2.513s]     9 | #include [01;31m[K<pcl_ros/transforms.h>[m[K
[2.513s]       |          [01;31m[K^~~~~~~~~~~~~~~~~~~~~~[m[K
[2.513s] compilation terminated.
[2.527s] gmake[2]: *** [CMakeFiles/game_visualizer.dir/build.make:76: CMakeFiles/game_visualizer.dir/src/game_visualizer.cpp.o] Error 1
[2.527s] gmake[1]: *** [CMakeFiles/Makefile2:139: CMakeFiles/game_visualizer.dir/all] Error 2
[2.527s] gmake: *** [Makefile:146: all] Error 2
[2.529s] Invoked command in '/home/daniel/Research/Workspaces/game_theoretic_painting/build/coverage_contest' returned '2': CMAKE_PREFIX_PATH=${CMAKE_PREFIX_PATH}:/home/daniel/Research/Workspaces/turtlebot3/install/turtlebot3_teleop:/home/daniel/Research/Workspaces/turtlebot3/install/turtlebot3_example:/opt/ros/humble /usr/bin/cmake --build /home/daniel/Research/Workspaces/game_theoretic_painting/build/coverage_contest -- -j20 -l20
