In file included from [01m[K/opt/ros/humble/include/rclcpp/rclcpp/client.hpp:40[m[K,
                 from [01m[K/opt/ros/humble/include/rclcpp/rclcpp/callback_group.hpp:24[m[K,
                 from [01m[K/opt/ros/humble/include/rclcpp/rclcpp/any_executable.hpp:20[m[K,
                 from [01m[K/opt/ros/humble/include/rclcpp/rclcpp/memory_strategy.hpp:25[m[K,
                 from [01m[K/opt/ros/humble/include/rclcpp/rclcpp/memory_strategies.hpp:18[m[K,
                 from [01m[K/opt/ros/humble/include/rclcpp/rclcpp/executor_options.hpp:20[m[K,
                 from [01m[K/opt/ros/humble/include/rclcpp/rclcpp/executor.hpp:37[m[K,
                 from [01m[K/opt/ros/humble/include/rclcpp/rclcpp/executors/multi_threaded_executor.hpp:25[m[K,
                 from [01m[K/opt/ros/humble/include/rclcpp/rclcpp/executors.hpp:21[m[K,
                 from [01m[K/opt/ros/humble/include/rclcpp/rclcpp/rclcpp.hpp:155[m[K,
                 from [01m[K/home/daniel/Research/Workspaces/game_theoretic_painting/src/coverage_contest/include/coverage_contest/game_visualizer.h:5[m[K,
                 from [01m[K/home/daniel/Research/Workspaces/game_theoretic_painting/src/coverage_contest/src/game_visualizer.cpp:1[m[K:
[01m[K/home/daniel/Research/Workspaces/game_theoretic_painting/src/coverage_contest/src/game_visualizer.cpp:[m[K In constructor ‘[01m[KGameVisualizer::GameVisualizer()[m[K’:
[01m[K/home/daniel/Research/Workspaces/game_theoretic_painting/src/coverage_contest/src/game_visualizer.cpp:5:23:[m[K [01;31m[Kerror: [m[K‘[01m[Kclass GameVisualizer[m[K’ has no member named ‘[01m[Kget_logger[m[K’
    5 |     RCLCPP_INFO(this->[01;31m[Kget_logger[m[K(), "[Game Visualizer] Created game visualizer.");
      |                       [01;31m[K^~~~~~~~~~[m[K
[01m[K/home/daniel/Research/Workspaces/game_theoretic_painting/src/coverage_contest/src/game_visualizer.cpp:5:23:[m[K [01;31m[Kerror: [m[K‘[01m[Kclass GameVisualizer[m[K’ has no member named ‘[01m[Kget_logger[m[K’
[01m[K/home/daniel/Research/Workspaces/game_theoretic_painting/src/coverage_contest/src/game_visualizer.cpp:5:5:[m[K [01;31m[Kerror: [m[Ktemplate argument 1 is invalid
    5 |     [01;31m[KRCLCPP_INFO[m[K(this->get_logger(), "[Game Visualizer] Created game visualizer.");
      |     [01;31m[K^~~~~~~~~~~[m[K
[01m[K/home/daniel/Research/Workspaces/game_theoretic_painting/src/coverage_contest/src/game_visualizer.cpp:5:5:[m[K [01;31m[Kerror: [m[K‘[01m[K<declaration error>[m[K’ is not a template [[01;31m[K]8;;https://gcc.gnu.org/onlinedocs/gcc/Warning-Options.html#index-fpermissive-fpermissive]8;;[m[K]
    5 |     [01;31m[KRCLCPP_INFO[m[K(this->get_logger(), "[Game Visualizer] Created game visualizer.");
      |     [01;31m[K^~~~~~~~~~~[m[K
[01m[K/home/daniel/Research/Workspaces/game_theoretic_painting/src/coverage_contest/src/game_visualizer.cpp:5:5:[m[K [01;31m[Kerror: [m[Ktemplate argument 1 is invalid
    5 |     [01;31m[KRCLCPP_INFO[m[K(this->get_logger(), "[Game Visualizer] Created game visualizer.");
      |     [01;31m[K^~~~~~~~~~~[m[K
[01m[K/home/daniel/Research/Workspaces/game_theoretic_painting/src/coverage_contest/src/game_visualizer.cpp:5:5:[m[K [01;31m[Kerror: [m[K‘[01m[K<declaration error>[m[K’ is not a template [[01;31m[K]8;;https://gcc.gnu.org/onlinedocs/gcc/Warning-Options.html#index-fpermissive-fpermissive]8;;[m[K]
    5 |     [01;31m[KRCLCPP_INFO[m[K(this->get_logger(), "[Game Visualizer] Created game visualizer.");
      |     [01;31m[K^~~~~~~~~~~[m[K
[01m[K/home/daniel/Research/Workspaces/game_theoretic_painting/src/coverage_contest/src/game_visualizer.cpp:5:5:[m[K [01;31m[Kerror: [m[Ktemplate argument 1 is invalid
    5 |     [01;31m[KRCLCPP_INFO[m[K(this->get_logger(), "[Game Visualizer] Created game visualizer.");
      |     [01;31m[K^~~~~~~~~~~[m[K
In file included from [01m[K/opt/ros/humble/include/rclcpp/rclcpp/logging.hpp:24[m[K,
                 from [01m[K/opt/ros/humble/include/rclcpp/rclcpp/client.hpp:40[m[K,
                 from [01m[K/opt/ros/humble/include/rclcpp/rclcpp/callback_group.hpp:24[m[K,
                 from [01m[K/opt/ros/humble/include/rclcpp/rclcpp/any_executable.hpp:20[m[K,
                 from [01m[K/opt/ros/humble/include/rclcpp/rclcpp/memory_strategy.hpp:25[m[K,
                 from [01m[K/opt/ros/humble/include/rclcpp/rclcpp/memory_strategies.hpp:18[m[K,
                 from [01m[K/opt/ros/humble/include/rclcpp/rclcpp/executor_options.hpp:20[m[K,
                 from [01m[K/opt/ros/humble/include/rclcpp/rclcpp/executor.hpp:37[m[K,
                 from [01m[K/opt/ros/humble/include/rclcpp/rclcpp/executors/multi_threaded_executor.hpp:25[m[K,
                 from [01m[K/opt/ros/humble/include/rclcpp/rclcpp/executors.hpp:21[m[K,
                 from [01m[K/opt/ros/humble/include/rclcpp/rclcpp/rclcpp.hpp:155[m[K,
                 from [01m[K/home/daniel/Research/Workspaces/game_theoretic_painting/src/coverage_contest/include/coverage_contest/game_visualizer.h:5[m[K,
                 from [01m[K/home/daniel/Research/Workspaces/game_theoretic_painting/src/coverage_contest/src/game_visualizer.cpp:1[m[K:
[01m[K/home/daniel/Research/Workspaces/game_theoretic_painting/src/coverage_contest/src/game_visualizer.cpp:5:23:[m[K [01;31m[Kerror: [m[K‘[01m[Kclass GameVisualizer[m[K’ has no member named ‘[01m[Kget_logger[m[K’
    5 |     RCLCPP_INFO(this->[01;31m[Kget_logger[m[K(), "[Game Visualizer] Created game visualizer.");
      |                       [01;31m[K^~~~~~~~~~[m[K
[01m[K/home/daniel/Research/Workspaces/game_theoretic_painting/src/coverage_contest/src/game_visualizer.cpp:5:23:[m[K [01;31m[Kerror: [m[K‘[01m[Kclass GameVisualizer[m[K’ has no member named ‘[01m[Kget_logger[m[K’
    5 |     RCLCPP_INFO(this->[01;31m[Kget_logger[m[K(), "[Game Visualizer] Created game visualizer.");
      |                       [01;31m[K^~~~~~~~~~[m[K
gmake[2]: *** [CMakeFiles/game_visualizer.dir/build.make:76: CMakeFiles/game_visualizer.dir/src/game_visualizer.cpp.o] Error 1
gmake[1]: *** [CMakeFiles/Makefile2:139: CMakeFiles/game_visualizer.dir/all] Error 2
gmake: *** [Makefile:146: all] Error 2
